{"/Users/donovanallen/Desktop/src/scilent-x/packages/social/src/types.ts": {"path":"/Users/donovanallen/Desktop/src/scilent-x/packages/social/src/types.ts","statementMap":{},"fnMap":{},"branchMap":{},"s":{},"f":{},"b":{},"meta":{"lastBranch":0,"lastFunction":0,"lastStatement":0,"seen":{}}}
,"/Users/donovanallen/Desktop/src/scilent-x/packages/social/src/comments/index.ts": {"path":"/Users/donovanallen/Desktop/src/scilent-x/packages/social/src/comments/index.ts","statementMap":{},"fnMap":{},"branchMap":{},"s":{},"f":{},"b":{},"meta":{"lastBranch":0,"lastFunction":0,"lastStatement":0,"seen":{}}}
,"/Users/donovanallen/Desktop/src/scilent-x/packages/social/src/comments/mutations.ts": {"path":"/Users/donovanallen/Desktop/src/scilent-x/packages/social/src/comments/mutations.ts","statementMap":{"0":{"start":{"line":6,"column":21},"end":{"line":12,"column":null}},"1":{"start":{"line":18,"column":2},"end":{"line":20,"column":null}},"2":{"start":{"line":19,"column":4},"end":{"line":19,"column":null}},"3":{"start":{"line":22,"column":2},"end":{"line":24,"column":null}},"4":{"start":{"line":23,"column":4},"end":{"line":23,"column":null}},"5":{"start":{"line":27,"column":15},"end":{"line":29,"column":null}},"6":{"start":{"line":31,"column":2},"end":{"line":33,"column":null}},"7":{"start":{"line":32,"column":4},"end":{"line":32,"column":null}},"8":{"start":{"line":36,"column":2},"end":{"line":48,"column":null}},"9":{"start":{"line":37,"column":26},"end":{"line":39,"column":null}},"10":{"start":{"line":41,"column":4},"end":{"line":43,"column":null}},"11":{"start":{"line":42,"column":6},"end":{"line":42,"column":null}},"12":{"start":{"line":45,"column":4},"end":{"line":47,"column":null}},"13":{"start":{"line":46,"column":6},"end":{"line":46,"column":null}},"14":{"start":{"line":50,"column":18},"end":{"line":66,"column":null}},"15":{"start":{"line":69,"column":8},"end":{"line":69,"column":null}},"16":{"start":{"line":70,"column":2},"end":{"line":72,"column":null}},"17":{"start":{"line":71,"column":4},"end":{"line":71,"column":null}},"18":{"start":{"line":75,"column":2},"end":{"line":85,"column":null}},"19":{"start":{"line":76,"column":4},"end":{"line":84,"column":null}},"20":{"start":{"line":87,"column":2},"end":{"line":90,"column":null}},"21":{"start":{"line":98,"column":26},"end":{"line":100,"column":null}},"22":{"start":{"line":102,"column":2},"end":{"line":104,"column":null}},"23":{"start":{"line":103,"column":4},"end":{"line":103,"column":null}},"24":{"start":{"line":106,"column":2},"end":{"line":108,"column":null}},"25":{"start":{"line":107,"column":4},"end":{"line":107,"column":null}},"26":{"start":{"line":110,"column":2},"end":{"line":112,"column":null}},"27":{"start":{"line":111,"column":4},"end":{"line":111,"column":null}},"28":{"start":{"line":114,"column":2},"end":{"line":116,"column":null}},"29":{"start":{"line":115,"column":4},"end":{"line":115,"column":null}},"30":{"start":{"line":119,"column":2},"end":{"line":121,"column":null}},"31":{"start":{"line":123,"column":18},"end":{"line":139,"column":null}},"32":{"start":{"line":142,"column":8},"end":{"line":142,"column":null}},"33":{"start":{"line":143,"column":2},"end":{"line":145,"column":null}},"34":{"start":{"line":144,"column":4},"end":{"line":144,"column":null}},"35":{"start":{"line":147,"column":2},"end":{"line":151,"column":null}},"36":{"start":{"line":155,"column":26},"end":{"line":157,"column":null}},"37":{"start":{"line":159,"column":2},"end":{"line":161,"column":null}},"38":{"start":{"line":160,"column":4},"end":{"line":160,"column":null}},"39":{"start":{"line":163,"column":2},"end":{"line":165,"column":null}},"40":{"start":{"line":164,"column":4},"end":{"line":164,"column":null}},"41":{"start":{"line":167,"column":2},"end":{"line":169,"column":null}}},"fnMap":{"0":{"name":"createComment","decl":{"start":{"line":14,"column":22},"end":{"line":14,"column":null}},"loc":{"start":{"line":17,"column":30},"end":{"line":91,"column":null}},"line":17},"1":{"name":"updateComment","decl":{"start":{"line":93,"column":22},"end":{"line":93,"column":null}},"loc":{"start":{"line":97,"column":30},"end":{"line":152,"column":null}},"line":97},"2":{"name":"deleteComment","decl":{"start":{"line":154,"column":22},"end":{"line":154,"column":36}},"loc":{"start":{"line":154,"column":86},"end":{"line":170,"column":null}},"line":154}},"branchMap":{"0":{"loc":{"start":{"line":18,"column":2},"end":{"line":20,"column":null}},"type":"if","locations":[{"start":{"line":18,"column":2},"end":{"line":20,"column":null}},{"start":{},"end":{}}],"line":18},"1":{"loc":{"start":{"line":22,"column":2},"end":{"line":24,"column":null}},"type":"if","locations":[{"start":{"line":22,"column":2},"end":{"line":24,"column":null}},{"start":{},"end":{}}],"line":22},"2":{"loc":{"start":{"line":31,"column":2},"end":{"line":33,"column":null}},"type":"if","locations":[{"start":{"line":31,"column":2},"end":{"line":33,"column":null}},{"start":{},"end":{}}],"line":31},"3":{"loc":{"start":{"line":36,"column":2},"end":{"line":48,"column":null}},"type":"if","locations":[{"start":{"line":36,"column":2},"end":{"line":48,"column":null}},{"start":{},"end":{}}],"line":36},"4":{"loc":{"start":{"line":41,"column":4},"end":{"line":43,"column":null}},"type":"if","locations":[{"start":{"line":41,"column":4},"end":{"line":43,"column":null}},{"start":{},"end":{}}],"line":41},"5":{"loc":{"start":{"line":45,"column":4},"end":{"line":47,"column":null}},"type":"if","locations":[{"start":{"line":45,"column":4},"end":{"line":47,"column":null}},{"start":{},"end":{}}],"line":45},"6":{"loc":{"start":{"line":55,"column":16},"end":{"line":55,"column":null}},"type":"binary-expr","locations":[{"start":{"line":55,"column":16},"end":{"line":55,"column":34}},{"start":{"line":55,"column":34},"end":{"line":55,"column":null}}],"line":55},"7":{"loc":{"start":{"line":70,"column":2},"end":{"line":72,"column":null}},"type":"if","locations":[{"start":{"line":70,"column":2},"end":{"line":72,"column":null}},{"start":{},"end":{}}],"line":70},"8":{"loc":{"start":{"line":75,"column":2},"end":{"line":85,"column":null}},"type":"if","locations":[{"start":{"line":75,"column":2},"end":{"line":85,"column":null}},{"start":{},"end":{}}],"line":75},"9":{"loc":{"start":{"line":102,"column":2},"end":{"line":104,"column":null}},"type":"if","locations":[{"start":{"line":102,"column":2},"end":{"line":104,"column":null}},{"start":{},"end":{}}],"line":102},"10":{"loc":{"start":{"line":106,"column":2},"end":{"line":108,"column":null}},"type":"if","locations":[{"start":{"line":106,"column":2},"end":{"line":108,"column":null}},{"start":{},"end":{}}],"line":106},"11":{"loc":{"start":{"line":110,"column":2},"end":{"line":112,"column":null}},"type":"if","locations":[{"start":{"line":110,"column":2},"end":{"line":112,"column":null}},{"start":{},"end":{}}],"line":110},"12":{"loc":{"start":{"line":114,"column":2},"end":{"line":116,"column":null}},"type":"if","locations":[{"start":{"line":114,"column":2},"end":{"line":116,"column":null}},{"start":{},"end":{}}],"line":114},"13":{"loc":{"start":{"line":143,"column":2},"end":{"line":145,"column":null}},"type":"if","locations":[{"start":{"line":143,"column":2},"end":{"line":145,"column":null}},{"start":{},"end":{}}],"line":143},"14":{"loc":{"start":{"line":159,"column":2},"end":{"line":161,"column":null}},"type":"if","locations":[{"start":{"line":159,"column":2},"end":{"line":161,"column":null}},{"start":{},"end":{}}],"line":159},"15":{"loc":{"start":{"line":163,"column":2},"end":{"line":165,"column":null}},"type":"if","locations":[{"start":{"line":163,"column":2},"end":{"line":165,"column":null}},{"start":{},"end":{}}],"line":163}},"s":{"0":0,"1":0,"2":0,"3":0,"4":0,"5":0,"6":0,"7":0,"8":0,"9":0,"10":0,"11":0,"12":0,"13":0,"14":0,"15":0,"16":0,"17":0,"18":0,"19":0,"20":0,"21":0,"22":0,"23":0,"24":0,"25":0,"26":0,"27":0,"28":0,"29":0,"30":0,"31":0,"32":0,"33":0,"34":0,"35":0,"36":0,"37":0,"38":0,"39":0,"40":0,"41":0},"f":{"0":0,"1":0,"2":0},"b":{"0":[0,0],"1":[0,0],"2":[0,0],"3":[0,0],"4":[0,0],"5":[0,0],"6":[0,0],"7":[0,0],"8":[0,0],"9":[0,0],"10":[0,0],"11":[0,0],"12":[0,0],"13":[0,0],"14":[0,0],"15":[0,0]},"meta":{"lastBranch":16,"lastFunction":3,"lastStatement":42,"seen":{"s:6:21:12:Infinity":0,"f:14:22:14:Infinity":0,"b:18:2:20:Infinity:undefined:undefined:undefined:undefined":0,"s:18:2:20:Infinity":1,"s:19:4:19:Infinity":2,"b:22:2:24:Infinity:undefined:undefined:undefined:undefined":1,"s:22:2:24:Infinity":3,"s:23:4:23:Infinity":4,"s:27:15:29:Infinity":5,"b:31:2:33:Infinity:undefined:undefined:undefined:undefined":2,"s:31:2:33:Infinity":6,"s:32:4:32:Infinity":7,"b:36:2:48:Infinity:undefined:undefined:undefined:undefined":3,"s:36:2:48:Infinity":8,"s:37:26:39:Infinity":9,"b:41:4:43:Infinity:undefined:undefined:undefined:undefined":4,"s:41:4:43:Infinity":10,"s:42:6:42:Infinity":11,"b:45:4:47:Infinity:undefined:undefined:undefined:undefined":5,"s:45:4:47:Infinity":12,"s:46:6:46:Infinity":13,"s:50:18:66:Infinity":14,"b:55:16:55:34:55:34:55:Infinity":6,"s:69:8:69:Infinity":15,"b:70:2:72:Infinity:undefined:undefined:undefined:undefined":7,"s:70:2:72:Infinity":16,"s:71:4:71:Infinity":17,"b:75:2:85:Infinity:undefined:undefined:undefined:undefined":8,"s:75:2:85:Infinity":18,"s:76:4:84:Infinity":19,"s:87:2:90:Infinity":20,"f:93:22:93:Infinity":1,"s:98:26:100:Infinity":21,"b:102:2:104:Infinity:undefined:undefined:undefined:undefined":9,"s:102:2:104:Infinity":22,"s:103:4:103:Infinity":23,"b:106:2:108:Infinity:undefined:undefined:undefined:undefined":10,"s:106:2:108:Infinity":24,"s:107:4:107:Infinity":25,"b:110:2:112:Infinity:undefined:undefined:undefined:undefined":11,"s:110:2:112:Infinity":26,"s:111:4:111:Infinity":27,"b:114:2:116:Infinity:undefined:undefined:undefined:undefined":12,"s:114:2:116:Infinity":28,"s:115:4:115:Infinity":29,"s:119:2:121:Infinity":30,"s:123:18:139:Infinity":31,"s:142:8:142:Infinity":32,"b:143:2:145:Infinity:undefined:undefined:undefined:undefined":13,"s:143:2:145:Infinity":33,"s:144:4:144:Infinity":34,"s:147:2:151:Infinity":35,"f:154:22:154:36":2,"s:155:26:157:Infinity":36,"b:159:2:161:Infinity:undefined:undefined:undefined:undefined":14,"s:159:2:161:Infinity":37,"s:160:4:160:Infinity":38,"b:163:2:165:Infinity:undefined:undefined:undefined:undefined":15,"s:163:2:165:Infinity":39,"s:164:4:164:Infinity":40,"s:167:2:169:Infinity":41}}}
,"/Users/donovanallen/Desktop/src/scilent-x/packages/social/src/comments/queries.ts": {"path":"/Users/donovanallen/Desktop/src/scilent-x/packages/social/src/comments/queries.ts","statementMap":{"0":{"start":{"line":6,"column":21},"end":{"line":12,"column":null}},"1":{"start":{"line":18,"column":18},"end":{"line":35,"column":null}},"2":{"start":{"line":37,"column":2},"end":{"line":39,"column":null}},"3":{"start":{"line":38,"column":4},"end":{"line":38,"column":null}},"4":{"start":{"line":41,"column":2},"end":{"line":45,"column":null}},"5":{"start":{"line":53,"column":23},"end":{"line":53,"column":null}},"6":{"start":{"line":54,"column":16},"end":{"line":54,"column":null}},"7":{"start":{"line":56,"column":19},"end":{"line":101,"column":null}},"8":{"start":{"line":103,"column":16},"end":{"line":112,"column":null}},"9":{"start":{"line":103,"column":43},"end":{"line":112,"column":4}},"10":{"start":{"line":107,"column":45},"end":{"line":111,"column":6}},"11":{"start":{"line":114,"column":2},"end":{"line":114,"column":null}},"12":{"start":{"line":122,"column":23},"end":{"line":122,"column":null}},"13":{"start":{"line":123,"column":16},"end":{"line":123,"column":null}},"14":{"start":{"line":125,"column":18},"end":{"line":148,"column":null}},"15":{"start":{"line":150,"column":16},"end":{"line":154,"column":null}},"16":{"start":{"line":150,"column":40},"end":{"line":154,"column":4}},"17":{"start":{"line":156,"column":2},"end":{"line":156,"column":null}}},"fnMap":{"0":{"name":"getCommentById","decl":{"start":{"line":14,"column":22},"end":{"line":14,"column":null}},"loc":{"start":{"line":17,"column":30},"end":{"line":46,"column":null}},"line":17},"1":{"name":"getCommentsByPost","decl":{"start":{"line":48,"column":22},"end":{"line":48,"column":null}},"loc":{"start":{"line":52,"column":47},"end":{"line":115,"column":null}},"line":52},"2":{"name":"(anonymous_2)","decl":{"start":{"line":103,"column":29},"end":{"line":103,"column":30}},"loc":{"start":{"line":103,"column":43},"end":{"line":112,"column":4}},"line":103},"3":{"name":"(anonymous_3)","decl":{"start":{"line":107,"column":33},"end":{"line":107,"column":34}},"loc":{"start":{"line":107,"column":45},"end":{"line":111,"column":6}},"line":107},"4":{"name":"getCommentReplies","decl":{"start":{"line":117,"column":22},"end":{"line":117,"column":null}},"loc":{"start":{"line":121,"column":47},"end":{"line":157,"column":null}},"line":121},"5":{"name":"(anonymous_5)","decl":{"start":{"line":150,"column":28},"end":{"line":150,"column":29}},"loc":{"start":{"line":150,"column":40},"end":{"line":154,"column":4}},"line":150}},"branchMap":{"0":{"loc":{"start":{"line":28,"column":13},"end":{"line":33,"column":null}},"type":"cond-expr","locations":[{"start":{"line":29,"column":10},"end":{"line":32,"column":null}},{"start":{"line":33,"column":10},"end":{"line":33,"column":null}}],"line":28},"1":{"loc":{"start":{"line":37,"column":2},"end":{"line":39,"column":null}},"type":"if","locations":[{"start":{"line":37,"column":2},"end":{"line":39,"column":null}},{"start":{},"end":{}}],"line":37},"2":{"loc":{"start":{"line":43,"column":13},"end":{"line":43,"column":null}},"type":"cond-expr","locations":[{"start":{"line":43,"column":29},"end":{"line":43,"column":56}},{"start":{"line":43,"column":56},"end":{"line":43,"column":null}}],"line":43},"3":{"loc":{"start":{"line":50,"column":2},"end":{"line":50,"column":null}},"type":"default-arg","locations":[{"start":{"line":50,"column":29},"end":{"line":50,"column":null}}],"line":50},"4":{"loc":{"start":{"line":54,"column":16},"end":{"line":54,"column":null}},"type":"binary-expr","locations":[{"start":{"line":54,"column":16},"end":{"line":54,"column":32}},{"start":{"line":54,"column":32},"end":{"line":54,"column":null}}],"line":54},"5":{"loc":{"start":{"line":69,"column":13},"end":{"line":74,"column":null}},"type":"cond-expr","locations":[{"start":{"line":70,"column":10},"end":{"line":73,"column":null}},{"start":{"line":74,"column":10},"end":{"line":74,"column":null}}],"line":69},"6":{"loc":{"start":{"line":85,"column":17},"end":{"line":90,"column":null}},"type":"cond-expr","locations":[{"start":{"line":86,"column":14},"end":{"line":89,"column":null}},{"start":{"line":90,"column":14},"end":{"line":90,"column":null}}],"line":85},"7":{"loc":{"start":{"line":97,"column":8},"end":{"line":100,"column":null}},"type":"binary-expr","locations":[{"start":{"line":97,"column":8},"end":{"line":97,"column":18}},{"start":{"line":97,"column":18},"end":{"line":100,"column":null}}],"line":97},"8":{"loc":{"start":{"line":105,"column":13},"end":{"line":105,"column":null}},"type":"cond-expr","locations":[{"start":{"line":105,"column":29},"end":{"line":105,"column":56}},{"start":{"line":105,"column":56},"end":{"line":105,"column":null}}],"line":105},"9":{"loc":{"start":{"line":109,"column":15},"end":{"line":109,"column":null}},"type":"cond-expr","locations":[{"start":{"line":109,"column":31},"end":{"line":109,"column":56}},{"start":{"line":109,"column":56},"end":{"line":109,"column":null}}],"line":109},"10":{"loc":{"start":{"line":119,"column":2},"end":{"line":119,"column":null}},"type":"default-arg","locations":[{"start":{"line":119,"column":29},"end":{"line":119,"column":null}}],"line":119},"11":{"loc":{"start":{"line":123,"column":16},"end":{"line":123,"column":null}},"type":"binary-expr","locations":[{"start":{"line":123,"column":16},"end":{"line":123,"column":32}},{"start":{"line":123,"column":32},"end":{"line":123,"column":null}}],"line":123},"12":{"loc":{"start":{"line":135,"column":13},"end":{"line":140,"column":null}},"type":"cond-expr","locations":[{"start":{"line":136,"column":10},"end":{"line":139,"column":null}},{"start":{"line":140,"column":10},"end":{"line":140,"column":null}}],"line":135},"13":{"loc":{"start":{"line":144,"column":8},"end":{"line":147,"column":null}},"type":"binary-expr","locations":[{"start":{"line":144,"column":8},"end":{"line":144,"column":18}},{"start":{"line":144,"column":18},"end":{"line":147,"column":null}}],"line":144},"14":{"loc":{"start":{"line":152,"column":13},"end":{"line":152,"column":null}},"type":"cond-expr","locations":[{"start":{"line":152,"column":29},"end":{"line":152,"column":54}},{"start":{"line":152,"column":54},"end":{"line":152,"column":null}}],"line":152}},"s":{"0":0,"1":0,"2":0,"3":0,"4":0,"5":0,"6":0,"7":0,"8":0,"9":0,"10":0,"11":0,"12":0,"13":0,"14":0,"15":0,"16":0,"17":0},"f":{"0":0,"1":0,"2":0,"3":0,"4":0,"5":0},"b":{"0":[0,0],"1":[0,0],"2":[0,0],"3":[0],"4":[0,0],"5":[0,0],"6":[0,0],"7":[0,0],"8":[0,0],"9":[0,0],"10":[0],"11":[0,0],"12":[0,0],"13":[0,0],"14":[0,0]},"meta":{"lastBranch":15,"lastFunction":6,"lastStatement":18,"seen":{"s:6:21:12:Infinity":0,"f:14:22:14:Infinity":0,"s:18:18:35:Infinity":1,"b:29:10:32:Infinity:33:10:33:Infinity":0,"b:37:2:39:Infinity:undefined:undefined:undefined:undefined":1,"s:37:2:39:Infinity":2,"s:38:4:38:Infinity":3,"s:41:2:45:Infinity":4,"b:43:29:43:56:43:56:43:Infinity":2,"f:48:22:48:Infinity":1,"b:50:29:50:Infinity":3,"s:53:23:53:Infinity":5,"s:54:16:54:Infinity":6,"b:54:16:54:32:54:32:54:Infinity":4,"s:56:19:101:Infinity":7,"b:70:10:73:Infinity:74:10:74:Infinity":5,"b:86:14:89:Infinity:90:14:90:Infinity":6,"b:97:8:97:18:97:18:100:Infinity":7,"s:103:16:112:Infinity":8,"f:103:29:103:30":2,"s:103:43:112:4":9,"b:105:29:105:56:105:56:105:Infinity":8,"f:107:33:107:34":3,"s:107:45:111:6":10,"b:109:31:109:56:109:56:109:Infinity":9,"s:114:2:114:Infinity":11,"f:117:22:117:Infinity":4,"b:119:29:119:Infinity":10,"s:122:23:122:Infinity":12,"s:123:16:123:Infinity":13,"b:123:16:123:32:123:32:123:Infinity":11,"s:125:18:148:Infinity":14,"b:136:10:139:Infinity:140:10:140:Infinity":12,"b:144:8:144:18:144:18:147:Infinity":13,"s:150:16:154:Infinity":15,"f:150:28:150:29":5,"s:150:40:154:4":16,"b:152:29:152:54:152:54:152:Infinity":14,"s:156:2:156:Infinity":17}}}
,"/Users/donovanallen/Desktop/src/scilent-x/packages/social/src/feeds/explore-feed.ts": {"path":"/Users/donovanallen/Desktop/src/scilent-x/packages/social/src/feeds/explore-feed.ts","statementMap":{"0":{"start":{"line":5,"column":21},"end":{"line":11,"column":null}},"1":{"start":{"line":21,"column":23},"end":{"line":21,"column":null}},"2":{"start":{"line":22,"column":16},"end":{"line":22,"column":null}},"3":{"start":{"line":24,"column":16},"end":{"line":46,"column":null}},"4":{"start":{"line":48,"column":16},"end":{"line":52,"column":null}},"5":{"start":{"line":48,"column":37},"end":{"line":52,"column":4}},"6":{"start":{"line":54,"column":2},"end":{"line":54,"column":null}},"7":{"start":{"line":64,"column":23},"end":{"line":64,"column":null}},"8":{"start":{"line":65,"column":16},"end":{"line":65,"column":null}},"9":{"start":{"line":68,"column":23},"end":{"line":68,"column":null}},"10":{"start":{"line":69,"column":2},"end":{"line":69,"column":null}},"11":{"start":{"line":71,"column":16},"end":{"line":108,"column":null}},"12":{"start":{"line":110,"column":16},"end":{"line":114,"column":null}},"13":{"start":{"line":110,"column":37},"end":{"line":114,"column":4}},"14":{"start":{"line":116,"column":2},"end":{"line":116,"column":null}}},"fnMap":{"0":{"name":"getExploreFeed","decl":{"start":{"line":17,"column":22},"end":{"line":17,"column":null}},"loc":{"start":{"line":20,"column":44},"end":{"line":55,"column":null}},"line":20},"1":{"name":"(anonymous_1)","decl":{"start":{"line":48,"column":26},"end":{"line":48,"column":27}},"loc":{"start":{"line":48,"column":37},"end":{"line":52,"column":4}},"line":48},"2":{"name":"getTrendingPosts","decl":{"start":{"line":60,"column":22},"end":{"line":60,"column":null}},"loc":{"start":{"line":63,"column":44},"end":{"line":117,"column":null}},"line":63},"3":{"name":"(anonymous_3)","decl":{"start":{"line":110,"column":26},"end":{"line":110,"column":27}},"loc":{"start":{"line":110,"column":37},"end":{"line":114,"column":4}},"line":110}},"branchMap":{"0":{"loc":{"start":{"line":18,"column":2},"end":{"line":18,"column":null}},"type":"default-arg","locations":[{"start":{"line":18,"column":29},"end":{"line":18,"column":null}}],"line":18},"1":{"loc":{"start":{"line":22,"column":16},"end":{"line":22,"column":null}},"type":"binary-expr","locations":[{"start":{"line":22,"column":16},"end":{"line":22,"column":32}},{"start":{"line":22,"column":32},"end":{"line":22,"column":null}}],"line":22},"2":{"loc":{"start":{"line":33,"column":13},"end":{"line":38,"column":null}},"type":"cond-expr","locations":[{"start":{"line":34,"column":10},"end":{"line":37,"column":null}},{"start":{"line":38,"column":10},"end":{"line":38,"column":null}}],"line":33},"3":{"loc":{"start":{"line":42,"column":8},"end":{"line":45,"column":null}},"type":"binary-expr","locations":[{"start":{"line":42,"column":8},"end":{"line":42,"column":18}},{"start":{"line":42,"column":18},"end":{"line":45,"column":null}}],"line":42},"4":{"loc":{"start":{"line":50,"column":13},"end":{"line":50,"column":null}},"type":"cond-expr","locations":[{"start":{"line":50,"column":29},"end":{"line":50,"column":53}},{"start":{"line":50,"column":53},"end":{"line":50,"column":null}}],"line":50},"5":{"loc":{"start":{"line":61,"column":2},"end":{"line":61,"column":null}},"type":"default-arg","locations":[{"start":{"line":61,"column":29},"end":{"line":61,"column":null}}],"line":61},"6":{"loc":{"start":{"line":65,"column":16},"end":{"line":65,"column":null}},"type":"binary-expr","locations":[{"start":{"line":65,"column":16},"end":{"line":65,"column":32}},{"start":{"line":65,"column":32},"end":{"line":65,"column":null}}],"line":65},"7":{"loc":{"start":{"line":83,"column":13},"end":{"line":88,"column":null}},"type":"cond-expr","locations":[{"start":{"line":84,"column":10},"end":{"line":87,"column":null}},{"start":{"line":88,"column":10},"end":{"line":88,"column":null}}],"line":83},"8":{"loc":{"start":{"line":104,"column":8},"end":{"line":107,"column":null}},"type":"binary-expr","locations":[{"start":{"line":104,"column":8},"end":{"line":104,"column":18}},{"start":{"line":104,"column":18},"end":{"line":107,"column":null}}],"line":104},"9":{"loc":{"start":{"line":112,"column":13},"end":{"line":112,"column":null}},"type":"cond-expr","locations":[{"start":{"line":112,"column":29},"end":{"line":112,"column":53}},{"start":{"line":112,"column":53},"end":{"line":112,"column":null}}],"line":112}},"s":{"0":0,"1":0,"2":0,"3":0,"4":0,"5":0,"6":0,"7":0,"8":0,"9":0,"10":0,"11":0,"12":0,"13":0,"14":0},"f":{"0":0,"1":0,"2":0,"3":0},"b":{"0":[0],"1":[0,0],"2":[0,0],"3":[0,0],"4":[0,0],"5":[0],"6":[0,0],"7":[0,0],"8":[0,0],"9":[0,0]},"meta":{"lastBranch":10,"lastFunction":4,"lastStatement":15,"seen":{"s:5:21:11:Infinity":0,"f:17:22:17:Infinity":0,"b:18:29:18:Infinity":0,"s:21:23:21:Infinity":1,"s:22:16:22:Infinity":2,"b:22:16:22:32:22:32:22:Infinity":1,"s:24:16:46:Infinity":3,"b:34:10:37:Infinity:38:10:38:Infinity":2,"b:42:8:42:18:42:18:45:Infinity":3,"s:48:16:52:Infinity":4,"f:48:26:48:27":1,"s:48:37:52:4":5,"b:50:29:50:53:50:53:50:Infinity":4,"s:54:2:54:Infinity":6,"f:60:22:60:Infinity":2,"b:61:29:61:Infinity":5,"s:64:23:64:Infinity":7,"s:65:16:65:Infinity":8,"b:65:16:65:32:65:32:65:Infinity":6,"s:68:23:68:Infinity":9,"s:69:2:69:Infinity":10,"s:71:16:108:Infinity":11,"b:84:10:87:Infinity:88:10:88:Infinity":7,"b:104:8:104:18:104:18:107:Infinity":8,"s:110:16:114:Infinity":12,"f:110:26:110:27":3,"s:110:37:114:4":13,"b:112:29:112:53:112:53:112:Infinity":9,"s:116:2:116:Infinity":14}}}
,"/Users/donovanallen/Desktop/src/scilent-x/packages/social/src/feeds/home-feed.ts": {"path":"/Users/donovanallen/Desktop/src/scilent-x/packages/social/src/feeds/home-feed.ts","statementMap":{"0":{"start":{"line":5,"column":21},"end":{"line":11,"column":null}},"1":{"start":{"line":20,"column":23},"end":{"line":20,"column":null}},"2":{"start":{"line":21,"column":16},"end":{"line":21,"column":null}},"3":{"start":{"line":24,"column":20},"end":{"line":27,"column":null}},"4":{"start":{"line":29,"column":23},"end":{"line":29,"column":null}},"5":{"start":{"line":29,"column":44},"end":{"line":29,"column":57}},"6":{"start":{"line":32,"column":20},"end":{"line":32,"column":null}},"7":{"start":{"line":34,"column":16},"end":{"line":57,"column":null}},"8":{"start":{"line":59,"column":16},"end":{"line":63,"column":null}},"9":{"start":{"line":59,"column":37},"end":{"line":63,"column":4}},"10":{"start":{"line":65,"column":2},"end":{"line":65,"column":null}}},"fnMap":{"0":{"name":"getHomeFeed","decl":{"start":{"line":16,"column":22},"end":{"line":16,"column":null}},"loc":{"start":{"line":19,"column":44},"end":{"line":66,"column":null}},"line":19},"1":{"name":"(anonymous_1)","decl":{"start":{"line":29,"column":37},"end":{"line":29,"column":38}},"loc":{"start":{"line":29,"column":44},"end":{"line":29,"column":57}},"line":29},"2":{"name":"(anonymous_2)","decl":{"start":{"line":59,"column":26},"end":{"line":59,"column":27}},"loc":{"start":{"line":59,"column":37},"end":{"line":63,"column":4}},"line":59}},"branchMap":{"0":{"loc":{"start":{"line":18,"column":2},"end":{"line":18,"column":null}},"type":"default-arg","locations":[{"start":{"line":18,"column":29},"end":{"line":18,"column":null}}],"line":18},"1":{"loc":{"start":{"line":21,"column":16},"end":{"line":21,"column":null}},"type":"binary-expr","locations":[{"start":{"line":21,"column":16},"end":{"line":21,"column":32}},{"start":{"line":21,"column":32},"end":{"line":21,"column":null}}],"line":21},"2":{"loc":{"start":{"line":53,"column":8},"end":{"line":56,"column":null}},"type":"binary-expr","locations":[{"start":{"line":53,"column":8},"end":{"line":53,"column":18}},{"start":{"line":53,"column":18},"end":{"line":56,"column":null}}],"line":53}},"s":{"0":0,"1":0,"2":0,"3":0,"4":0,"5":0,"6":0,"7":0,"8":0,"9":0,"10":0},"f":{"0":0,"1":0,"2":0},"b":{"0":[0],"1":[0,0],"2":[0,0]},"meta":{"lastBranch":3,"lastFunction":3,"lastStatement":11,"seen":{"s:5:21:11:Infinity":0,"f:16:22:16:Infinity":0,"b:18:29:18:Infinity":0,"s:20:23:20:Infinity":1,"s:21:16:21:Infinity":2,"b:21:16:21:32:21:32:21:Infinity":1,"s:24:20:27:Infinity":3,"s:29:23:29:Infinity":4,"f:29:37:29:38":1,"s:29:44:29:57":5,"s:32:20:32:Infinity":6,"s:34:16:57:Infinity":7,"b:53:8:53:18:53:18:56:Infinity":2,"s:59:16:63:Infinity":8,"f:59:26:59:27":2,"s:59:37:63:4":9,"s:65:2:65:Infinity":10}}}
,"/Users/donovanallen/Desktop/src/scilent-x/packages/social/src/feeds/index.ts": {"path":"/Users/donovanallen/Desktop/src/scilent-x/packages/social/src/feeds/index.ts","statementMap":{},"fnMap":{},"branchMap":{},"s":{},"f":{},"b":{},"meta":{"lastBranch":0,"lastFunction":0,"lastStatement":0,"seen":{}}}
,"/Users/donovanallen/Desktop/src/scilent-x/packages/social/src/feeds/profile-feed.ts": {"path":"/Users/donovanallen/Desktop/src/scilent-x/packages/social/src/feeds/profile-feed.ts","statementMap":{"0":{"start":{"line":5,"column":21},"end":{"line":11,"column":null}},"1":{"start":{"line":21,"column":23},"end":{"line":21,"column":null}},"2":{"start":{"line":22,"column":16},"end":{"line":22,"column":null}},"3":{"start":{"line":24,"column":16},"end":{"line":47,"column":null}},"4":{"start":{"line":49,"column":16},"end":{"line":53,"column":null}},"5":{"start":{"line":49,"column":37},"end":{"line":53,"column":4}},"6":{"start":{"line":55,"column":2},"end":{"line":55,"column":null}},"7":{"start":{"line":66,"column":23},"end":{"line":66,"column":null}},"8":{"start":{"line":67,"column":16},"end":{"line":67,"column":null}},"9":{"start":{"line":69,"column":16},"end":{"line":99,"column":null}},"10":{"start":{"line":101,"column":16},"end":{"line":107,"column":null}},"11":{"start":{"line":102,"column":22},"end":{"line":102,"column":40}},"12":{"start":{"line":103,"column":20},"end":{"line":107,"column":6}},"13":{"start":{"line":109,"column":2},"end":{"line":112,"column":null}},"14":{"start":{"line":110,"column":32},"end":{"line":110,"column":66}}},"fnMap":{"0":{"name":"getProfileFeed","decl":{"start":{"line":16,"column":22},"end":{"line":16,"column":null}},"loc":{"start":{"line":20,"column":44},"end":{"line":56,"column":null}},"line":20},"1":{"name":"(anonymous_1)","decl":{"start":{"line":49,"column":26},"end":{"line":49,"column":27}},"loc":{"start":{"line":49,"column":37},"end":{"line":53,"column":4}},"line":49},"2":{"name":"getLikedPosts","decl":{"start":{"line":61,"column":22},"end":{"line":61,"column":null}},"loc":{"start":{"line":65,"column":44},"end":{"line":113,"column":null}},"line":65},"3":{"name":"(anonymous_3)","decl":{"start":{"line":102,"column":12},"end":{"line":102,"column":13}},"loc":{"start":{"line":102,"column":22},"end":{"line":102,"column":40}},"line":102},"4":{"name":"(anonymous_4)","decl":{"start":{"line":103,"column":9},"end":{"line":103,"column":10}},"loc":{"start":{"line":103,"column":20},"end":{"line":107,"column":6}},"line":103},"5":{"name":"(anonymous_5)","decl":{"start":{"line":110,"column":14},"end":{"line":110,"column":15}},"loc":{"start":{"line":110,"column":32},"end":{"line":110,"column":66}},"line":110}},"branchMap":{"0":{"loc":{"start":{"line":18,"column":2},"end":{"line":18,"column":null}},"type":"default-arg","locations":[{"start":{"line":18,"column":29},"end":{"line":18,"column":null}}],"line":18},"1":{"loc":{"start":{"line":22,"column":16},"end":{"line":22,"column":null}},"type":"binary-expr","locations":[{"start":{"line":22,"column":16},"end":{"line":22,"column":32}},{"start":{"line":22,"column":32},"end":{"line":22,"column":null}}],"line":22},"2":{"loc":{"start":{"line":34,"column":13},"end":{"line":39,"column":null}},"type":"cond-expr","locations":[{"start":{"line":35,"column":10},"end":{"line":38,"column":null}},{"start":{"line":39,"column":10},"end":{"line":39,"column":null}}],"line":34},"3":{"loc":{"start":{"line":43,"column":8},"end":{"line":46,"column":null}},"type":"binary-expr","locations":[{"start":{"line":43,"column":8},"end":{"line":43,"column":18}},{"start":{"line":43,"column":18},"end":{"line":46,"column":null}}],"line":43},"4":{"loc":{"start":{"line":51,"column":13},"end":{"line":51,"column":null}},"type":"cond-expr","locations":[{"start":{"line":51,"column":29},"end":{"line":51,"column":53}},{"start":{"line":51,"column":53},"end":{"line":51,"column":null}}],"line":51},"5":{"loc":{"start":{"line":63,"column":2},"end":{"line":63,"column":null}},"type":"default-arg","locations":[{"start":{"line":63,"column":29},"end":{"line":63,"column":null}}],"line":63},"6":{"loc":{"start":{"line":67,"column":16},"end":{"line":67,"column":null}},"type":"binary-expr","locations":[{"start":{"line":67,"column":16},"end":{"line":67,"column":32}},{"start":{"line":67,"column":32},"end":{"line":67,"column":null}}],"line":67},"7":{"loc":{"start":{"line":84,"column":17},"end":{"line":89,"column":null}},"type":"cond-expr","locations":[{"start":{"line":85,"column":14},"end":{"line":88,"column":null}},{"start":{"line":89,"column":14},"end":{"line":89,"column":null}}],"line":84},"8":{"loc":{"start":{"line":95,"column":8},"end":{"line":98,"column":null}},"type":"binary-expr","locations":[{"start":{"line":95,"column":8},"end":{"line":95,"column":18}},{"start":{"line":95,"column":18},"end":{"line":98,"column":null}}],"line":95},"9":{"loc":{"start":{"line":105,"column":15},"end":{"line":105,"column":null}},"type":"cond-expr","locations":[{"start":{"line":105,"column":31},"end":{"line":105,"column":61}},{"start":{"line":105,"column":61},"end":{"line":105,"column":null}}],"line":105}},"s":{"0":0,"1":0,"2":0,"3":0,"4":0,"5":0,"6":0,"7":0,"8":0,"9":0,"10":0,"11":0,"12":0,"13":0,"14":0},"f":{"0":0,"1":0,"2":0,"3":0,"4":0,"5":0},"b":{"0":[0],"1":[0,0],"2":[0,0],"3":[0,0],"4":[0,0],"5":[0],"6":[0,0],"7":[0,0],"8":[0,0],"9":[0,0]},"meta":{"lastBranch":10,"lastFunction":6,"lastStatement":15,"seen":{"s:5:21:11:Infinity":0,"f:16:22:16:Infinity":0,"b:18:29:18:Infinity":0,"s:21:23:21:Infinity":1,"s:22:16:22:Infinity":2,"b:22:16:22:32:22:32:22:Infinity":1,"s:24:16:47:Infinity":3,"b:35:10:38:Infinity:39:10:39:Infinity":2,"b:43:8:43:18:43:18:46:Infinity":3,"s:49:16:53:Infinity":4,"f:49:26:49:27":1,"s:49:37:53:4":5,"b:51:29:51:53:51:53:51:Infinity":4,"s:55:2:55:Infinity":6,"f:61:22:61:Infinity":2,"b:63:29:63:Infinity":5,"s:66:23:66:Infinity":7,"s:67:16:67:Infinity":8,"b:67:16:67:32:67:32:67:Infinity":6,"s:69:16:99:Infinity":9,"b:85:14:88:Infinity:89:14:89:Infinity":7,"b:95:8:95:18:95:18:98:Infinity":8,"s:101:16:107:Infinity":10,"f:102:12:102:13":3,"s:102:22:102:40":11,"f:103:9:103:10":4,"s:103:20:107:6":12,"b:105:31:105:61:105:61:105:Infinity":9,"s:109:2:112:Infinity":13,"f:110:14:110:15":5,"s:110:32:110:66":14}}}
,"/Users/donovanallen/Desktop/src/scilent-x/packages/social/src/follows/index.ts": {"path":"/Users/donovanallen/Desktop/src/scilent-x/packages/social/src/follows/index.ts","statementMap":{},"fnMap":{},"branchMap":{},"s":{},"f":{},"b":{},"meta":{"lastBranch":0,"lastFunction":0,"lastStatement":0,"seen":{}}}
,"/Users/donovanallen/Desktop/src/scilent-x/packages/social/src/follows/mutations.ts": {"path":"/Users/donovanallen/Desktop/src/scilent-x/packages/social/src/follows/mutations.ts","statementMap":{"0":{"start":{"line":8,"column":2},"end":{"line":10,"column":null}},"1":{"start":{"line":9,"column":4},"end":{"line":9,"column":null}},"2":{"start":{"line":12,"column":23},"end":{"line":14,"column":null}},"3":{"start":{"line":16,"column":2},"end":{"line":18,"column":null}},"4":{"start":{"line":17,"column":4},"end":{"line":17,"column":null}},"5":{"start":{"line":20,"column":25},"end":{"line":27,"column":null}},"6":{"start":{"line":29,"column":2},"end":{"line":31,"column":null}},"7":{"start":{"line":30,"column":4},"end":{"line":30,"column":null}},"8":{"start":{"line":33,"column":2},"end":{"line":38,"column":null}},"9":{"start":{"line":41,"column":2},"end":{"line":47,"column":null}},"10":{"start":{"line":54,"column":25},"end":{"line":61,"column":null}},"11":{"start":{"line":63,"column":2},"end":{"line":65,"column":null}},"12":{"start":{"line":64,"column":4},"end":{"line":64,"column":null}},"13":{"start":{"line":67,"column":2},"end":{"line":74,"column":null}}},"fnMap":{"0":{"name":"followUser","decl":{"start":{"line":4,"column":22},"end":{"line":4,"column":null}},"loc":{"start":{"line":7,"column":17},"end":{"line":48,"column":null}},"line":7},"1":{"name":"unfollowUser","decl":{"start":{"line":50,"column":22},"end":{"line":50,"column":null}},"loc":{"start":{"line":53,"column":17},"end":{"line":75,"column":null}},"line":53}},"branchMap":{"0":{"loc":{"start":{"line":8,"column":2},"end":{"line":10,"column":null}},"type":"if","locations":[{"start":{"line":8,"column":2},"end":{"line":10,"column":null}},{"start":{},"end":{}}],"line":8},"1":{"loc":{"start":{"line":16,"column":2},"end":{"line":18,"column":null}},"type":"if","locations":[{"start":{"line":16,"column":2},"end":{"line":18,"column":null}},{"start":{},"end":{}}],"line":16},"2":{"loc":{"start":{"line":29,"column":2},"end":{"line":31,"column":null}},"type":"if","locations":[{"start":{"line":29,"column":2},"end":{"line":31,"column":null}},{"start":{},"end":{}}],"line":29},"3":{"loc":{"start":{"line":63,"column":2},"end":{"line":65,"column":null}},"type":"if","locations":[{"start":{"line":63,"column":2},"end":{"line":65,"column":null}},{"start":{},"end":{}}],"line":63}},"s":{"0":0,"1":0,"2":0,"3":0,"4":0,"5":0,"6":0,"7":0,"8":0,"9":0,"10":0,"11":0,"12":0,"13":0},"f":{"0":0,"1":0},"b":{"0":[0,0],"1":[0,0],"2":[0,0],"3":[0,0]},"meta":{"lastBranch":4,"lastFunction":2,"lastStatement":14,"seen":{"f:4:22:4:Infinity":0,"b:8:2:10:Infinity:undefined:undefined:undefined:undefined":0,"s:8:2:10:Infinity":0,"s:9:4:9:Infinity":1,"s:12:23:14:Infinity":2,"b:16:2:18:Infinity:undefined:undefined:undefined:undefined":1,"s:16:2:18:Infinity":3,"s:17:4:17:Infinity":4,"s:20:25:27:Infinity":5,"b:29:2:31:Infinity:undefined:undefined:undefined:undefined":2,"s:29:2:31:Infinity":6,"s:30:4:30:Infinity":7,"s:33:2:38:Infinity":8,"s:41:2:47:Infinity":9,"f:50:22:50:Infinity":1,"s:54:25:61:Infinity":10,"b:63:2:65:Infinity:undefined:undefined:undefined:undefined":3,"s:63:2:65:Infinity":11,"s:64:4:64:Infinity":12,"s:67:2:74:Infinity":13}}}
,"/Users/donovanallen/Desktop/src/scilent-x/packages/social/src/follows/queries.ts": {"path":"/Users/donovanallen/Desktop/src/scilent-x/packages/social/src/follows/queries.ts","statementMap":{"0":{"start":{"line":6,"column":19},"end":{"line":15,"column":null}},"1":{"start":{"line":22,"column":23},"end":{"line":22,"column":null}},"2":{"start":{"line":23,"column":16},"end":{"line":23,"column":null}},"3":{"start":{"line":25,"column":18},"end":{"line":53,"column":null}},"4":{"start":{"line":55,"column":16},"end":{"line":59,"column":null}},"5":{"start":{"line":55,"column":41},"end":{"line":59,"column":4}},"6":{"start":{"line":61,"column":2},"end":{"line":64,"column":null}},"7":{"start":{"line":62,"column":32},"end":{"line":62,"column":68}},"8":{"start":{"line":72,"column":23},"end":{"line":72,"column":null}},"9":{"start":{"line":73,"column":16},"end":{"line":73,"column":null}},"10":{"start":{"line":75,"column":18},"end":{"line":103,"column":null}},"11":{"start":{"line":105,"column":16},"end":{"line":109,"column":null}},"12":{"start":{"line":105,"column":41},"end":{"line":109,"column":4}},"13":{"start":{"line":111,"column":2},"end":{"line":114,"column":null}},"14":{"start":{"line":112,"column":32},"end":{"line":112,"column":68}},"15":{"start":{"line":121,"column":17},"end":{"line":128,"column":null}},"16":{"start":{"line":130,"column":2},"end":{"line":130,"column":null}}},"fnMap":{"0":{"name":"getFollowers","decl":{"start":{"line":17,"column":22},"end":{"line":17,"column":null}},"loc":{"start":{"line":21,"column":41},"end":{"line":65,"column":null}},"line":21},"1":{"name":"(anonymous_1)","decl":{"start":{"line":55,"column":28},"end":{"line":55,"column":29}},"loc":{"start":{"line":55,"column":41},"end":{"line":59,"column":4}},"line":55},"2":{"name":"(anonymous_2)","decl":{"start":{"line":62,"column":14},"end":{"line":62,"column":15}},"loc":{"start":{"line":62,"column":32},"end":{"line":62,"column":68}},"line":62},"3":{"name":"getFollowing","decl":{"start":{"line":67,"column":22},"end":{"line":67,"column":null}},"loc":{"start":{"line":71,"column":41},"end":{"line":115,"column":null}},"line":71},"4":{"name":"(anonymous_4)","decl":{"start":{"line":105,"column":28},"end":{"line":105,"column":29}},"loc":{"start":{"line":105,"column":41},"end":{"line":109,"column":4}},"line":105},"5":{"name":"(anonymous_5)","decl":{"start":{"line":112,"column":14},"end":{"line":112,"column":15}},"loc":{"start":{"line":112,"column":32},"end":{"line":112,"column":68}},"line":112},"6":{"name":"isFollowing","decl":{"start":{"line":117,"column":22},"end":{"line":117,"column":null}},"loc":{"start":{"line":120,"column":20},"end":{"line":131,"column":null}},"line":120}},"branchMap":{"0":{"loc":{"start":{"line":19,"column":2},"end":{"line":19,"column":null}},"type":"default-arg","locations":[{"start":{"line":19,"column":29},"end":{"line":19,"column":null}}],"line":19},"1":{"loc":{"start":{"line":23,"column":16},"end":{"line":23,"column":null}},"type":"binary-expr","locations":[{"start":{"line":23,"column":16},"end":{"line":23,"column":32}},{"start":{"line":23,"column":32},"end":{"line":23,"column":null}}],"line":23},"2":{"loc":{"start":{"line":38,"column":21},"end":{"line":43,"column":null}},"type":"cond-expr","locations":[{"start":{"line":39,"column":14},"end":{"line":42,"column":null}},{"start":{"line":43,"column":14},"end":{"line":43,"column":null}}],"line":38},"3":{"loc":{"start":{"line":49,"column":8},"end":{"line":52,"column":null}},"type":"binary-expr","locations":[{"start":{"line":49,"column":8},"end":{"line":49,"column":18}},{"start":{"line":49,"column":18},"end":{"line":52,"column":null}}],"line":49},"4":{"loc":{"start":{"line":57,"column":17},"end":{"line":57,"column":null}},"type":"cond-expr","locations":[{"start":{"line":57,"column":33},"end":{"line":57,"column":72}},{"start":{"line":57,"column":72},"end":{"line":57,"column":null}}],"line":57},"5":{"loc":{"start":{"line":69,"column":2},"end":{"line":69,"column":null}},"type":"default-arg","locations":[{"start":{"line":69,"column":29},"end":{"line":69,"column":null}}],"line":69},"6":{"loc":{"start":{"line":73,"column":16},"end":{"line":73,"column":null}},"type":"binary-expr","locations":[{"start":{"line":73,"column":16},"end":{"line":73,"column":32}},{"start":{"line":73,"column":32},"end":{"line":73,"column":null}}],"line":73},"7":{"loc":{"start":{"line":88,"column":21},"end":{"line":93,"column":null}},"type":"cond-expr","locations":[{"start":{"line":89,"column":14},"end":{"line":92,"column":null}},{"start":{"line":93,"column":14},"end":{"line":93,"column":null}}],"line":88},"8":{"loc":{"start":{"line":99,"column":8},"end":{"line":102,"column":null}},"type":"binary-expr","locations":[{"start":{"line":99,"column":8},"end":{"line":99,"column":18}},{"start":{"line":99,"column":18},"end":{"line":102,"column":null}}],"line":99},"9":{"loc":{"start":{"line":107,"column":17},"end":{"line":107,"column":null}},"type":"cond-expr","locations":[{"start":{"line":107,"column":33},"end":{"line":107,"column":73}},{"start":{"line":107,"column":73},"end":{"line":107,"column":null}}],"line":107}},"s":{"0":0,"1":0,"2":0,"3":0,"4":0,"5":0,"6":0,"7":0,"8":0,"9":0,"10":0,"11":0,"12":0,"13":0,"14":0,"15":0,"16":0},"f":{"0":0,"1":0,"2":0,"3":0,"4":0,"5":0,"6":0},"b":{"0":[0],"1":[0,0],"2":[0,0],"3":[0,0],"4":[0,0],"5":[0],"6":[0,0],"7":[0,0],"8":[0,0],"9":[0,0]},"meta":{"lastBranch":10,"lastFunction":7,"lastStatement":17,"seen":{"s:6:19:15:Infinity":0,"f:17:22:17:Infinity":0,"b:19:29:19:Infinity":0,"s:22:23:22:Infinity":1,"s:23:16:23:Infinity":2,"b:23:16:23:32:23:32:23:Infinity":1,"s:25:18:53:Infinity":3,"b:39:14:42:Infinity:43:14:43:Infinity":2,"b:49:8:49:18:49:18:52:Infinity":3,"s:55:16:59:Infinity":4,"f:55:28:55:29":1,"s:55:41:59:4":5,"b:57:33:57:72:57:72:57:Infinity":4,"s:61:2:64:Infinity":6,"f:62:14:62:15":2,"s:62:32:62:68":7,"f:67:22:67:Infinity":3,"b:69:29:69:Infinity":5,"s:72:23:72:Infinity":8,"s:73:16:73:Infinity":9,"b:73:16:73:32:73:32:73:Infinity":6,"s:75:18:103:Infinity":10,"b:89:14:92:Infinity:93:14:93:Infinity":7,"b:99:8:99:18:99:18:102:Infinity":8,"s:105:16:109:Infinity":11,"f:105:28:105:29":4,"s:105:41:109:4":12,"b:107:33:107:73:107:73:107:Infinity":9,"s:111:2:114:Infinity":13,"f:112:14:112:15":5,"s:112:32:112:68":14,"f:117:22:117:Infinity":6,"s:121:17:128:Infinity":15,"s:130:2:130:Infinity":16}}}
,"/Users/donovanallen/Desktop/src/scilent-x/packages/social/src/likes/index.ts": {"path":"/Users/donovanallen/Desktop/src/scilent-x/packages/social/src/likes/index.ts","statementMap":{},"fnMap":{},"branchMap":{},"s":{},"f":{},"b":{},"meta":{"lastBranch":0,"lastFunction":0,"lastStatement":0,"seen":{}}}
,"/Users/donovanallen/Desktop/src/scilent-x/packages/social/src/likes/mutations.ts": {"path":"/Users/donovanallen/Desktop/src/scilent-x/packages/social/src/likes/mutations.ts","statementMap":{"0":{"start":{"line":5,"column":15},"end":{"line":7,"column":null}},"1":{"start":{"line":9,"column":2},"end":{"line":11,"column":null}},"2":{"start":{"line":10,"column":4},"end":{"line":10,"column":null}},"3":{"start":{"line":13,"column":23},"end":{"line":20,"column":null}},"4":{"start":{"line":22,"column":2},"end":{"line":24,"column":null}},"5":{"start":{"line":23,"column":4},"end":{"line":23,"column":null}},"6":{"start":{"line":26,"column":2},"end":{"line":31,"column":null}},"7":{"start":{"line":34,"column":2},"end":{"line":43,"column":null}},"8":{"start":{"line":35,"column":4},"end":{"line":42,"column":null}},"9":{"start":{"line":47,"column":23},"end":{"line":54,"column":null}},"10":{"start":{"line":56,"column":2},"end":{"line":58,"column":null}},"11":{"start":{"line":57,"column":4},"end":{"line":57,"column":null}},"12":{"start":{"line":60,"column":2},"end":{"line":67,"column":null}},"13":{"start":{"line":71,"column":18},"end":{"line":73,"column":null}},"14":{"start":{"line":75,"column":2},"end":{"line":77,"column":null}},"15":{"start":{"line":76,"column":4},"end":{"line":76,"column":null}},"16":{"start":{"line":79,"column":23},"end":{"line":86,"column":null}},"17":{"start":{"line":88,"column":2},"end":{"line":90,"column":null}},"18":{"start":{"line":89,"column":4},"end":{"line":89,"column":null}},"19":{"start":{"line":92,"column":2},"end":{"line":97,"column":null}},"20":{"start":{"line":100,"column":2},"end":{"line":109,"column":null}},"21":{"start":{"line":101,"column":4},"end":{"line":108,"column":null}},"22":{"start":{"line":113,"column":23},"end":{"line":120,"column":null}},"23":{"start":{"line":122,"column":2},"end":{"line":124,"column":null}},"24":{"start":{"line":123,"column":4},"end":{"line":123,"column":null}},"25":{"start":{"line":126,"column":2},"end":{"line":133,"column":null}}},"fnMap":{"0":{"name":"likePost","decl":{"start":{"line":4,"column":22},"end":{"line":4,"column":31}},"loc":{"start":{"line":4,"column":78},"end":{"line":44,"column":null}},"line":4},"1":{"name":"unlikePost","decl":{"start":{"line":46,"column":22},"end":{"line":46,"column":33}},"loc":{"start":{"line":46,"column":80},"end":{"line":68,"column":null}},"line":46},"2":{"name":"likeComment","decl":{"start":{"line":70,"column":22},"end":{"line":70,"column":34}},"loc":{"start":{"line":70,"column":84},"end":{"line":110,"column":null}},"line":70},"3":{"name":"unlikeComment","decl":{"start":{"line":112,"column":22},"end":{"line":112,"column":36}},"loc":{"start":{"line":112,"column":86},"end":{"line":134,"column":null}},"line":112}},"branchMap":{"0":{"loc":{"start":{"line":9,"column":2},"end":{"line":11,"column":null}},"type":"if","locations":[{"start":{"line":9,"column":2},"end":{"line":11,"column":null}},{"start":{},"end":{}}],"line":9},"1":{"loc":{"start":{"line":22,"column":2},"end":{"line":24,"column":null}},"type":"if","locations":[{"start":{"line":22,"column":2},"end":{"line":24,"column":null}},{"start":{},"end":{}}],"line":22},"2":{"loc":{"start":{"line":34,"column":2},"end":{"line":43,"column":null}},"type":"if","locations":[{"start":{"line":34,"column":2},"end":{"line":43,"column":null}},{"start":{},"end":{}}],"line":34},"3":{"loc":{"start":{"line":56,"column":2},"end":{"line":58,"column":null}},"type":"if","locations":[{"start":{"line":56,"column":2},"end":{"line":58,"column":null}},{"start":{},"end":{}}],"line":56},"4":{"loc":{"start":{"line":75,"column":2},"end":{"line":77,"column":null}},"type":"if","locations":[{"start":{"line":75,"column":2},"end":{"line":77,"column":null}},{"start":{},"end":{}}],"line":75},"5":{"loc":{"start":{"line":88,"column":2},"end":{"line":90,"column":null}},"type":"if","locations":[{"start":{"line":88,"column":2},"end":{"line":90,"column":null}},{"start":{},"end":{}}],"line":88},"6":{"loc":{"start":{"line":100,"column":2},"end":{"line":109,"column":null}},"type":"if","locations":[{"start":{"line":100,"column":2},"end":{"line":109,"column":null}},{"start":{},"end":{}}],"line":100},"7":{"loc":{"start":{"line":122,"column":2},"end":{"line":124,"column":null}},"type":"if","locations":[{"start":{"line":122,"column":2},"end":{"line":124,"column":null}},{"start":{},"end":{}}],"line":122}},"s":{"0":0,"1":0,"2":0,"3":0,"4":0,"5":0,"6":0,"7":0,"8":0,"9":0,"10":0,"11":0,"12":0,"13":0,"14":0,"15":0,"16":0,"17":0,"18":0,"19":0,"20":0,"21":0,"22":0,"23":0,"24":0,"25":0},"f":{"0":0,"1":0,"2":0,"3":0},"b":{"0":[0,0],"1":[0,0],"2":[0,0],"3":[0,0],"4":[0,0],"5":[0,0],"6":[0,0],"7":[0,0]},"meta":{"lastBranch":8,"lastFunction":4,"lastStatement":26,"seen":{"f:4:22:4:31":0,"s:5:15:7:Infinity":0,"b:9:2:11:Infinity:undefined:undefined:undefined:undefined":0,"s:9:2:11:Infinity":1,"s:10:4:10:Infinity":2,"s:13:23:20:Infinity":3,"b:22:2:24:Infinity:undefined:undefined:undefined:undefined":1,"s:22:2:24:Infinity":4,"s:23:4:23:Infinity":5,"s:26:2:31:Infinity":6,"b:34:2:43:Infinity:undefined:undefined:undefined:undefined":2,"s:34:2:43:Infinity":7,"s:35:4:42:Infinity":8,"f:46:22:46:33":1,"s:47:23:54:Infinity":9,"b:56:2:58:Infinity:undefined:undefined:undefined:undefined":3,"s:56:2:58:Infinity":10,"s:57:4:57:Infinity":11,"s:60:2:67:Infinity":12,"f:70:22:70:34":2,"s:71:18:73:Infinity":13,"b:75:2:77:Infinity:undefined:undefined:undefined:undefined":4,"s:75:2:77:Infinity":14,"s:76:4:76:Infinity":15,"s:79:23:86:Infinity":16,"b:88:2:90:Infinity:undefined:undefined:undefined:undefined":5,"s:88:2:90:Infinity":17,"s:89:4:89:Infinity":18,"s:92:2:97:Infinity":19,"b:100:2:109:Infinity:undefined:undefined:undefined:undefined":6,"s:100:2:109:Infinity":20,"s:101:4:108:Infinity":21,"f:112:22:112:36":3,"s:113:23:120:Infinity":22,"b:122:2:124:Infinity:undefined:undefined:undefined:undefined":7,"s:122:2:124:Infinity":23,"s:123:4:123:Infinity":24,"s:126:2:133:Infinity":25}}}
,"/Users/donovanallen/Desktop/src/scilent-x/packages/social/src/mentions/index.ts": {"path":"/Users/donovanallen/Desktop/src/scilent-x/packages/social/src/mentions/index.ts","statementMap":{},"fnMap":{},"branchMap":{},"s":{},"f":{},"b":{},"meta":{"lastBranch":0,"lastFunction":0,"lastStatement":0,"seen":{}}}
,"/Users/donovanallen/Desktop/src/scilent-x/packages/social/src/mentions/mutations.ts": {"path":"/Users/donovanallen/Desktop/src/scilent-x/packages/social/src/mentions/mutations.ts","statementMap":{"0":{"start":{"line":4,"column":2},"end":{"line":6,"column":null}},"1":{"start":{"line":10,"column":2},"end":{"line":12,"column":null}}},"fnMap":{"0":{"name":"deleteMentionsByPost","decl":{"start":{"line":3,"column":22},"end":{"line":3,"column":43}},"loc":{"start":{"line":3,"column":74},"end":{"line":7,"column":null}},"line":3},"1":{"name":"deleteMentionsByComment","decl":{"start":{"line":9,"column":22},"end":{"line":9,"column":46}},"loc":{"start":{"line":9,"column":80},"end":{"line":13,"column":null}},"line":9}},"branchMap":{},"s":{"0":0,"1":0},"f":{"0":0,"1":0},"b":{},"meta":{"lastBranch":0,"lastFunction":2,"lastStatement":2,"seen":{"f:3:22:3:43":0,"s:4:2:6:Infinity":0,"f:9:22:9:46":1,"s:10:2:12:Infinity":1}}}
,"/Users/donovanallen/Desktop/src/scilent-x/packages/social/src/mentions/parser.ts": {"path":"/Users/donovanallen/Desktop/src/scilent-x/packages/social/src/mentions/parser.ts","statementMap":{"0":{"start":{"line":5,"column":43},"end":{"line":5,"column":null}},"1":{"start":{"line":13,"column":2},"end":{"line":16,"column":null}},"2":{"start":{"line":22,"column":22},"end":{"line":22,"column":null}},"3":{"start":{"line":25,"column":36},"end":{"line":25,"column":null}},"4":{"start":{"line":29,"column":2},"end":{"line":29,"column":null}},"5":{"start":{"line":33,"column":2},"end":{"line":33,"column":null}},"6":{"start":{"line":40,"column":36},"end":{"line":40,"column":null}},"7":{"start":{"line":41,"column":18},"end":{"line":41,"column":null}},"8":{"start":{"line":47,"column":2},"end":{"line":47,"column":null}},"9":{"start":{"line":48,"column":2},"end":{"line":67,"column":null}},"10":{"start":{"line":49,"column":20},"end":{"line":49,"column":null}},"11":{"start":{"line":50,"column":15},"end":{"line":50,"column":null}},"12":{"start":{"line":51,"column":18},"end":{"line":51,"column":null}},"13":{"start":{"line":54,"column":4},"end":{"line":54,"column":null}},"14":{"start":{"line":54,"column":23},"end":{"line":54,"column":null}},"15":{"start":{"line":57,"column":30},"end":{"line":57,"column":null}},"16":{"start":{"line":59,"column":4},"end":{"line":66,"column":null}},"17":{"start":{"line":60,"column":6},"end":{"line":60,"column":null}},"18":{"start":{"line":61,"column":6},"end":{"line":65,"column":null}},"19":{"start":{"line":70,"column":2},"end":{"line":70,"column":null}},"20":{"start":{"line":71,"column":2},"end":{"line":90,"column":null}},"21":{"start":{"line":72,"column":15},"end":{"line":72,"column":null}},"22":{"start":{"line":73,"column":20},"end":{"line":73,"column":null}},"23":{"start":{"line":74,"column":18},"end":{"line":74,"column":null}},"24":{"start":{"line":77,"column":4},"end":{"line":77,"column":null}},"25":{"start":{"line":77,"column":23},"end":{"line":77,"column":null}},"26":{"start":{"line":80,"column":30},"end":{"line":80,"column":null}},"27":{"start":{"line":82,"column":4},"end":{"line":89,"column":null}},"28":{"start":{"line":83,"column":6},"end":{"line":83,"column":null}},"29":{"start":{"line":84,"column":6},"end":{"line":88,"column":null}},"30":{"start":{"line":92,"column":2},"end":{"line":92,"column":null}},"31":{"start":{"line":100,"column":42},"end":{"line":100,"column":null}},"32":{"start":{"line":104,"column":2},"end":{"line":104,"column":null}},"33":{"start":{"line":105,"column":2},"end":{"line":111,"column":null}},"34":{"start":{"line":106,"column":4},"end":{"line":110,"column":null}},"35":{"start":{"line":114,"column":26},"end":{"line":114,"column":null}},"36":{"start":{"line":115,"column":2},"end":{"line":122,"column":null}},"37":{"start":{"line":116,"column":30},"end":{"line":116,"column":null}},"38":{"start":{"line":117,"column":4},"end":{"line":119,"column":null}},"39":{"start":{"line":118,"column":6},"end":{"line":118,"column":null}},"40":{"start":{"line":120,"column":4},"end":{"line":120,"column":null}},"41":{"start":{"line":121,"column":4},"end":{"line":121,"column":null}},"42":{"start":{"line":131,"column":2},"end":{"line":131,"column":null}},"43":{"start":{"line":131,"column":35},"end":{"line":131,"column":null}},"44":{"start":{"line":133,"column":20},"end":{"line":133,"column":null}},"45":{"start":{"line":133,"column":46},"end":{"line":133,"column":70}},"46":{"start":{"line":134,"column":16},"end":{"line":142,"column":null}},"47":{"start":{"line":145,"column":23},"end":{"line":145,"column":null}},"48":{"start":{"line":146,"column":2},"end":{"line":150,"column":null}},"49":{"start":{"line":147,"column":4},"end":{"line":149,"column":null}},"50":{"start":{"line":148,"column":6},"end":{"line":148,"column":null}},"51":{"start":{"line":152,"column":34},"end":{"line":152,"column":null}},"52":{"start":{"line":153,"column":2},"end":{"line":164,"column":null}},"53":{"start":{"line":154,"column":19},"end":{"line":154,"column":null}},"54":{"start":{"line":155,"column":4},"end":{"line":163,"column":null}},"55":{"start":{"line":156,"column":6},"end":{"line":162,"column":null}},"56":{"start":{"line":165,"column":2},"end":{"line":165,"column":null}},"57":{"start":{"line":176,"column":2},"end":{"line":176,"column":null}},"58":{"start":{"line":176,"column":29},"end":{"line":176,"column":null}},"59":{"start":{"line":179,"column":23},"end":{"line":179,"column":null}},"60":{"start":{"line":179,"column":46},"end":{"line":179,"column":63}},"61":{"start":{"line":181,"column":2},"end":{"line":181,"column":null}},"62":{"start":{"line":181,"column":33},"end":{"line":181,"column":null}},"63":{"start":{"line":184,"column":22},"end":{"line":188,"column":null}},"64":{"start":{"line":184,"column":53},"end":{"line":188,"column":4}},"65":{"start":{"line":190,"column":2},"end":{"line":192,"column":null}},"66":{"start":{"line":195,"column":23},"end":{"line":200,"column":null}},"67":{"start":{"line":195,"column":54},"end":{"line":200,"column":4}},"68":{"start":{"line":202,"column":2},"end":{"line":204,"column":null}},"69":{"start":{"line":215,"column":2},"end":{"line":215,"column":null}},"70":{"start":{"line":215,"column":35},"end":{"line":215,"column":null}},"71":{"start":{"line":218,"column":19},"end":{"line":218,"column":null}},"72":{"start":{"line":219,"column":2},"end":{"line":219,"column":null}},"73":{"start":{"line":226,"column":2},"end":{"line":228,"column":null}},"74":{"start":{"line":227,"column":4},"end":{"line":227,"column":null}},"75":{"start":{"line":232,"column":19},"end":{"line":232,"column":null}},"76":{"start":{"line":233,"column":2},"end":{"line":233,"column":null}},"77":{"start":{"line":233,"column":29},"end":{"line":233,"column":39}}},"fnMap":{"0":{"name":"isValidMentionType","decl":{"start":{"line":10,"column":9},"end":{"line":10,"column":null}},"loc":{"start":{"line":12,"column":23},"end":{"line":18,"column":null}},"line":12},"1":{"name":"parseHtmlMentions","decl":{"start":{"line":39,"column":16},"end":{"line":39,"column":34}},"loc":{"start":{"line":39,"column":65},"end":{"line":93,"column":null}},"line":39},"2":{"name":"parseMentions","decl":{"start":{"line":99,"column":16},"end":{"line":99,"column":30}},"loc":{"start":{"line":99,"column":70},"end":{"line":123,"column":null}},"line":99},"3":{"name":"(anonymous_3)","decl":{"start":{"line":115,"column":25},"end":{"line":115,"column":26}},"loc":{"start":{"line":115,"column":38},"end":{"line":122,"column":3}},"line":115},"4":{"name":"convertLegacyMentions","decl":{"start":{"line":128,"column":22},"end":{"line":128,"column":null}},"loc":{"start":{"line":130,"column":28},"end":{"line":166,"column":null}},"line":130},"5":{"name":"(anonymous_5)","decl":{"start":{"line":133,"column":39},"end":{"line":133,"column":40}},"loc":{"start":{"line":133,"column":46},"end":{"line":133,"column":70}},"line":133},"6":{"name":"createMentions","decl":{"start":{"line":172,"column":22},"end":{"line":172,"column":null}},"loc":{"start":{"line":175,"column":17},"end":{"line":205,"column":null}},"line":175},"7":{"name":"(anonymous_7)","decl":{"start":{"line":179,"column":39},"end":{"line":179,"column":40}},"loc":{"start":{"line":179,"column":46},"end":{"line":179,"column":63}},"line":179},"8":{"name":"(anonymous_8)","decl":{"start":{"line":184,"column":39},"end":{"line":184,"column":40}},"loc":{"start":{"line":184,"column":53},"end":{"line":188,"column":4}},"line":184},"9":{"name":"(anonymous_9)","decl":{"start":{"line":195,"column":40},"end":{"line":195,"column":41}},"loc":{"start":{"line":195,"column":54},"end":{"line":200,"column":4}},"line":195},"10":{"name":"createMentionsFromUsernames","decl":{"start":{"line":211,"column":22},"end":{"line":211,"column":null}},"loc":{"start":{"line":214,"column":17},"end":{"line":220,"column":null}},"line":214},"11":{"name":"replaceMentionsWithLinks","decl":{"start":{"line":222,"column":16},"end":{"line":222,"column":null}},"loc":{"start":{"line":225,"column":10},"end":{"line":229,"column":null}},"line":225},"12":{"name":"(anonymous_12)","decl":{"start":{"line":226,"column":40},"end":{"line":226,"column":41}},"loc":{"start":{"line":226,"column":61},"end":{"line":228,"column":3}},"line":226},"13":{"name":"extractMentionedUsernames","decl":{"start":{"line":231,"column":16},"end":{"line":231,"column":42}},"loc":{"start":{"line":231,"column":69},"end":{"line":234,"column":null}},"line":231},"14":{"name":"(anonymous_14)","decl":{"start":{"line":233,"column":22},"end":{"line":233,"column":23}},"loc":{"start":{"line":233,"column":29},"end":{"line":233,"column":39}},"line":233}},"branchMap":{"0":{"loc":{"start":{"line":14,"column":4},"end":{"line":16,"column":null}},"type":"binary-expr","locations":[{"start":{"line":14,"column":4},"end":{"line":14,"column":null}},{"start":{"line":15,"column":4},"end":{"line":15,"column":null}},{"start":{"line":16,"column":4},"end":{"line":16,"column":null}}],"line":14},"1":{"loc":{"start":{"line":54,"column":4},"end":{"line":54,"column":null}},"type":"if","locations":[{"start":{"line":54,"column":4},"end":{"line":54,"column":null}},{"start":{},"end":{}}],"line":54},"2":{"loc":{"start":{"line":54,"column":8},"end":{"line":54,"column":23}},"type":"binary-expr","locations":[{"start":{"line":54,"column":8},"end":{"line":54,"column":15}},{"start":{"line":54,"column":15},"end":{"line":54,"column":23}}],"line":54},"3":{"loc":{"start":{"line":57,"column":30},"end":{"line":57,"column":null}},"type":"cond-expr","locations":[{"start":{"line":57,"column":60},"end":{"line":57,"column":70}},{"start":{"line":57,"column":70},"end":{"line":57,"column":null}}],"line":57},"4":{"loc":{"start":{"line":59,"column":4},"end":{"line":66,"column":null}},"type":"if","locations":[{"start":{"line":59,"column":4},"end":{"line":66,"column":null}},{"start":{},"end":{}}],"line":59},"5":{"loc":{"start":{"line":77,"column":4},"end":{"line":77,"column":null}},"type":"if","locations":[{"start":{"line":77,"column":4},"end":{"line":77,"column":null}},{"start":{},"end":{}}],"line":77},"6":{"loc":{"start":{"line":77,"column":8},"end":{"line":77,"column":23}},"type":"binary-expr","locations":[{"start":{"line":77,"column":8},"end":{"line":77,"column":15}},{"start":{"line":77,"column":15},"end":{"line":77,"column":23}}],"line":77},"7":{"loc":{"start":{"line":80,"column":30},"end":{"line":80,"column":null}},"type":"cond-expr","locations":[{"start":{"line":80,"column":60},"end":{"line":80,"column":70}},{"start":{"line":80,"column":70},"end":{"line":80,"column":null}}],"line":80},"8":{"loc":{"start":{"line":82,"column":4},"end":{"line":89,"column":null}},"type":"if","locations":[{"start":{"line":82,"column":4},"end":{"line":89,"column":null}},{"start":{},"end":{}}],"line":82},"9":{"loc":{"start":{"line":117,"column":4},"end":{"line":119,"column":null}},"type":"if","locations":[{"start":{"line":117,"column":4},"end":{"line":119,"column":null}},{"start":{},"end":{}}],"line":117},"10":{"loc":{"start":{"line":131,"column":2},"end":{"line":131,"column":null}},"type":"if","locations":[{"start":{"line":131,"column":2},"end":{"line":131,"column":null}},{"start":{},"end":{}}],"line":131},"11":{"loc":{"start":{"line":147,"column":4},"end":{"line":149,"column":null}},"type":"if","locations":[{"start":{"line":147,"column":4},"end":{"line":149,"column":null}},{"start":{},"end":{}}],"line":147},"12":{"loc":{"start":{"line":155,"column":4},"end":{"line":163,"column":null}},"type":"if","locations":[{"start":{"line":155,"column":4},"end":{"line":163,"column":null}},{"start":{},"end":{}}],"line":155},"13":{"loc":{"start":{"line":176,"column":2},"end":{"line":176,"column":null}},"type":"if","locations":[{"start":{"line":176,"column":2},"end":{"line":176,"column":null}},{"start":{},"end":{}}],"line":176},"14":{"loc":{"start":{"line":181,"column":2},"end":{"line":181,"column":null}},"type":"if","locations":[{"start":{"line":181,"column":2},"end":{"line":181,"column":null}},{"start":{},"end":{}}],"line":181},"15":{"loc":{"start":{"line":186,"column":12},"end":{"line":186,"column":null}},"type":"binary-expr","locations":[{"start":{"line":186,"column":12},"end":{"line":186,"column":30}},{"start":{"line":186,"column":30},"end":{"line":186,"column":null}}],"line":186},"16":{"loc":{"start":{"line":187,"column":15},"end":{"line":187,"column":null}},"type":"binary-expr","locations":[{"start":{"line":187,"column":15},"end":{"line":187,"column":36}},{"start":{"line":187,"column":36},"end":{"line":187,"column":null}}],"line":187},"17":{"loc":{"start":{"line":198,"column":12},"end":{"line":198,"column":null}},"type":"binary-expr","locations":[{"start":{"line":198,"column":12},"end":{"line":198,"column":30}},{"start":{"line":198,"column":30},"end":{"line":198,"column":null}}],"line":198},"18":{"loc":{"start":{"line":199,"column":15},"end":{"line":199,"column":null}},"type":"binary-expr","locations":[{"start":{"line":199,"column":15},"end":{"line":199,"column":36}},{"start":{"line":199,"column":36},"end":{"line":199,"column":null}}],"line":199},"19":{"loc":{"start":{"line":215,"column":2},"end":{"line":215,"column":null}},"type":"if","locations":[{"start":{"line":215,"column":2},"end":{"line":215,"column":null}},{"start":{},"end":{}}],"line":215},"20":{"loc":{"start":{"line":224,"column":2},"end":{"line":224,"column":null}},"type":"default-arg","locations":[{"start":{"line":224,"column":20},"end":{"line":224,"column":null}}],"line":224}},"s":{"0":1,"1":12,"2":1,"3":1,"4":1,"5":1,"6":14,"7":14,"8":14,"9":14,"10":13,"11":13,"12":13,"13":13,"14":2,"15":11,"16":13,"17":10,"18":10,"19":14,"20":14,"21":1,"22":1,"23":1,"24":1,"25":0,"26":1,"27":1,"28":1,"29":1,"30":14,"31":13,"32":13,"33":13,"34":16,"35":13,"36":13,"37":16,"38":16,"39":4,"40":12,"41":12,"42":0,"43":0,"44":0,"45":0,"46":0,"47":0,"48":0,"49":0,"50":0,"51":0,"52":0,"53":0,"54":0,"55":0,"56":0,"57":0,"58":0,"59":0,"60":0,"61":0,"62":0,"63":0,"64":0,"65":0,"66":0,"67":0,"68":0,"69":0,"70":0,"71":0,"72":0,"73":5,"74":4,"75":3,"76":3,"77":3},"f":{"0":12,"1":14,"2":13,"3":16,"4":0,"5":0,"6":0,"7":0,"8":0,"9":0,"10":0,"11":5,"12":4,"13":3,"14":3},"b":{"0":[12,12,12],"1":[2,11],"2":[13,12],"3":[9,2],"4":[10,3],"5":[0,1],"6":[1,1],"7":[1,0],"8":[1,0],"9":[4,12],"10":[0,0],"11":[0,0],"12":[0,0],"13":[0,0],"14":[0,0],"15":[0,0],"16":[0,0],"17":[0,0],"18":[0,0],"19":[0,0],"20":[5]},"meta":{"lastBranch":21,"lastFunction":15,"lastStatement":78,"seen":{"s:5:43:5:Infinity":0,"f:10:9:10:Infinity":0,"s:13:2:16:Infinity":1,"b:14:4:14:Infinity:15:4:15:Infinity:16:4:16:Infinity":0,"s:22:22:22:Infinity":2,"s:25:36:25:Infinity":3,"s:29:2:29:Infinity":4,"s:33:2:33:Infinity":5,"f:39:16:39:34":1,"s:40:36:40:Infinity":6,"s:41:18:41:Infinity":7,"s:47:2:47:Infinity":8,"s:48:2:67:Infinity":9,"s:49:20:49:Infinity":10,"s:50:15:50:Infinity":11,"s:51:18:51:Infinity":12,"b:54:4:54:Infinity:undefined:undefined:undefined:undefined":1,"s:54:4:54:Infinity":13,"b:54:8:54:15:54:15:54:23":2,"s:54:23:54:Infinity":14,"s:57:30:57:Infinity":15,"b:57:60:57:70:57:70:57:Infinity":3,"b:59:4:66:Infinity:undefined:undefined:undefined:undefined":4,"s:59:4:66:Infinity":16,"s:60:6:60:Infinity":17,"s:61:6:65:Infinity":18,"s:70:2:70:Infinity":19,"s:71:2:90:Infinity":20,"s:72:15:72:Infinity":21,"s:73:20:73:Infinity":22,"s:74:18:74:Infinity":23,"b:77:4:77:Infinity:undefined:undefined:undefined:undefined":5,"s:77:4:77:Infinity":24,"b:77:8:77:15:77:15:77:23":6,"s:77:23:77:Infinity":25,"s:80:30:80:Infinity":26,"b:80:60:80:70:80:70:80:Infinity":7,"b:82:4:89:Infinity:undefined:undefined:undefined:undefined":8,"s:82:4:89:Infinity":27,"s:83:6:83:Infinity":28,"s:84:6:88:Infinity":29,"s:92:2:92:Infinity":30,"f:99:16:99:30":2,"s:100:42:100:Infinity":31,"s:104:2:104:Infinity":32,"s:105:2:111:Infinity":33,"s:106:4:110:Infinity":34,"s:114:26:114:Infinity":35,"s:115:2:122:Infinity":36,"f:115:25:115:26":3,"s:116:30:116:Infinity":37,"b:117:4:119:Infinity:undefined:undefined:undefined:undefined":9,"s:117:4:119:Infinity":38,"s:118:6:118:Infinity":39,"s:120:4:120:Infinity":40,"s:121:4:121:Infinity":41,"f:128:22:128:Infinity":4,"b:131:2:131:Infinity:undefined:undefined:undefined:undefined":10,"s:131:2:131:Infinity":42,"s:131:35:131:Infinity":43,"s:133:20:133:Infinity":44,"f:133:39:133:40":5,"s:133:46:133:70":45,"s:134:16:142:Infinity":46,"s:145:23:145:Infinity":47,"s:146:2:150:Infinity":48,"b:147:4:149:Infinity:undefined:undefined:undefined:undefined":11,"s:147:4:149:Infinity":49,"s:148:6:148:Infinity":50,"s:152:34:152:Infinity":51,"s:153:2:164:Infinity":52,"s:154:19:154:Infinity":53,"b:155:4:163:Infinity:undefined:undefined:undefined:undefined":12,"s:155:4:163:Infinity":54,"s:156:6:162:Infinity":55,"s:165:2:165:Infinity":56,"f:172:22:172:Infinity":6,"b:176:2:176:Infinity:undefined:undefined:undefined:undefined":13,"s:176:2:176:Infinity":57,"s:176:29:176:Infinity":58,"s:179:23:179:Infinity":59,"f:179:39:179:40":7,"s:179:46:179:63":60,"b:181:2:181:Infinity:undefined:undefined:undefined:undefined":14,"s:181:2:181:Infinity":61,"s:181:33:181:Infinity":62,"s:184:22:188:Infinity":63,"f:184:39:184:40":8,"s:184:53:188:4":64,"b:186:12:186:30:186:30:186:Infinity":15,"b:187:15:187:36:187:36:187:Infinity":16,"s:190:2:192:Infinity":65,"s:195:23:200:Infinity":66,"f:195:40:195:41":9,"s:195:54:200:4":67,"b:198:12:198:30:198:30:198:Infinity":17,"b:199:15:199:36:199:36:199:Infinity":18,"s:202:2:204:Infinity":68,"f:211:22:211:Infinity":10,"b:215:2:215:Infinity:undefined:undefined:undefined:undefined":19,"s:215:2:215:Infinity":69,"s:215:35:215:Infinity":70,"s:218:19:218:Infinity":71,"s:219:2:219:Infinity":72,"f:222:16:222:Infinity":11,"b:224:20:224:Infinity":20,"s:226:2:228:Infinity":73,"f:226:40:226:41":12,"s:227:4:227:Infinity":74,"f:231:16:231:42":13,"s:232:19:232:Infinity":75,"s:233:2:233:Infinity":76,"f:233:22:233:23":14,"s:233:29:233:39":77}}}
,"/Users/donovanallen/Desktop/src/scilent-x/packages/social/src/posts/index.ts": {"path":"/Users/donovanallen/Desktop/src/scilent-x/packages/social/src/posts/index.ts","statementMap":{},"fnMap":{},"branchMap":{},"s":{},"f":{},"b":{},"meta":{"lastBranch":0,"lastFunction":0,"lastStatement":0,"seen":{}}}
,"/Users/donovanallen/Desktop/src/scilent-x/packages/social/src/posts/mutations.ts": {"path":"/Users/donovanallen/Desktop/src/scilent-x/packages/social/src/posts/mutations.ts","statementMap":{"0":{"start":{"line":7,"column":21},"end":{"line":13,"column":null}},"1":{"start":{"line":19,"column":2},"end":{"line":21,"column":null}},"2":{"start":{"line":20,"column":4},"end":{"line":20,"column":null}},"3":{"start":{"line":23,"column":2},"end":{"line":25,"column":null}},"4":{"start":{"line":24,"column":4},"end":{"line":24,"column":null}},"5":{"start":{"line":28,"column":8},"end":{"line":28,"column":null}},"6":{"start":{"line":30,"column":15},"end":{"line":45,"column":null}},"7":{"start":{"line":48,"column":8},"end":{"line":48,"column":null}},"8":{"start":{"line":49,"column":2},"end":{"line":51,"column":null}},"9":{"start":{"line":50,"column":4},"end":{"line":50,"column":null}},"10":{"start":{"line":54,"column":2},"end":{"line":60,"column":null}},"11":{"start":{"line":62,"column":2},"end":{"line":65,"column":null}},"12":{"start":{"line":73,"column":23},"end":{"line":75,"column":null}},"13":{"start":{"line":77,"column":2},"end":{"line":79,"column":null}},"14":{"start":{"line":78,"column":4},"end":{"line":78,"column":null}},"15":{"start":{"line":81,"column":2},"end":{"line":83,"column":null}},"16":{"start":{"line":82,"column":4},"end":{"line":82,"column":null}},"17":{"start":{"line":85,"column":2},"end":{"line":87,"column":null}},"18":{"start":{"line":86,"column":4},"end":{"line":86,"column":null}},"19":{"start":{"line":89,"column":2},"end":{"line":91,"column":null}},"20":{"start":{"line":90,"column":4},"end":{"line":90,"column":null}},"21":{"start":{"line":94,"column":2},"end":{"line":96,"column":null}},"22":{"start":{"line":99,"column":8},"end":{"line":99,"column":null}},"23":{"start":{"line":101,"column":15},"end":{"line":120,"column":null}},"24":{"start":{"line":123,"column":8},"end":{"line":123,"column":null}},"25":{"start":{"line":124,"column":2},"end":{"line":126,"column":null}},"26":{"start":{"line":125,"column":4},"end":{"line":125,"column":null}},"27":{"start":{"line":128,"column":2},"end":{"line":132,"column":null}},"28":{"start":{"line":136,"column":23},"end":{"line":138,"column":null}},"29":{"start":{"line":140,"column":2},"end":{"line":142,"column":null}},"30":{"start":{"line":141,"column":4},"end":{"line":141,"column":null}},"31":{"start":{"line":144,"column":2},"end":{"line":146,"column":null}},"32":{"start":{"line":145,"column":4},"end":{"line":145,"column":null}},"33":{"start":{"line":148,"column":2},"end":{"line":150,"column":null}}},"fnMap":{"0":{"name":"createPost","decl":{"start":{"line":15,"column":22},"end":{"line":15,"column":null}},"loc":{"start":{"line":18,"column":27},"end":{"line":66,"column":null}},"line":18},"1":{"name":"updatePost","decl":{"start":{"line":68,"column":22},"end":{"line":68,"column":null}},"loc":{"start":{"line":72,"column":27},"end":{"line":133,"column":null}},"line":72},"2":{"name":"deletePost","decl":{"start":{"line":135,"column":22},"end":{"line":135,"column":33}},"loc":{"start":{"line":135,"column":80},"end":{"line":151,"column":null}},"line":135}},"branchMap":{"0":{"loc":{"start":{"line":19,"column":2},"end":{"line":21,"column":null}},"type":"if","locations":[{"start":{"line":19,"column":2},"end":{"line":21,"column":null}},{"start":{},"end":{}}],"line":19},"1":{"loc":{"start":{"line":23,"column":2},"end":{"line":25,"column":null}},"type":"if","locations":[{"start":{"line":23,"column":2},"end":{"line":25,"column":null}},{"start":{},"end":{}}],"line":23},"2":{"loc":{"start":{"line":49,"column":2},"end":{"line":51,"column":null}},"type":"if","locations":[{"start":{"line":49,"column":2},"end":{"line":51,"column":null}},{"start":{},"end":{}}],"line":49},"3":{"loc":{"start":{"line":77,"column":2},"end":{"line":79,"column":null}},"type":"if","locations":[{"start":{"line":77,"column":2},"end":{"line":79,"column":null}},{"start":{},"end":{}}],"line":77},"4":{"loc":{"start":{"line":81,"column":2},"end":{"line":83,"column":null}},"type":"if","locations":[{"start":{"line":81,"column":2},"end":{"line":83,"column":null}},{"start":{},"end":{}}],"line":81},"5":{"loc":{"start":{"line":85,"column":2},"end":{"line":87,"column":null}},"type":"if","locations":[{"start":{"line":85,"column":2},"end":{"line":87,"column":null}},{"start":{},"end":{}}],"line":85},"6":{"loc":{"start":{"line":89,"column":2},"end":{"line":91,"column":null}},"type":"if","locations":[{"start":{"line":89,"column":2},"end":{"line":91,"column":null}},{"start":{},"end":{}}],"line":89},"7":{"loc":{"start":{"line":124,"column":2},"end":{"line":126,"column":null}},"type":"if","locations":[{"start":{"line":124,"column":2},"end":{"line":126,"column":null}},{"start":{},"end":{}}],"line":124},"8":{"loc":{"start":{"line":140,"column":2},"end":{"line":142,"column":null}},"type":"if","locations":[{"start":{"line":140,"column":2},"end":{"line":142,"column":null}},{"start":{},"end":{}}],"line":140},"9":{"loc":{"start":{"line":144,"column":2},"end":{"line":146,"column":null}},"type":"if","locations":[{"start":{"line":144,"column":2},"end":{"line":146,"column":null}},{"start":{},"end":{}}],"line":144}},"s":{"0":0,"1":0,"2":0,"3":0,"4":0,"5":0,"6":0,"7":0,"8":0,"9":0,"10":0,"11":0,"12":0,"13":0,"14":0,"15":0,"16":0,"17":0,"18":0,"19":0,"20":0,"21":0,"22":0,"23":0,"24":0,"25":0,"26":0,"27":0,"28":0,"29":0,"30":0,"31":0,"32":0,"33":0},"f":{"0":0,"1":0,"2":0},"b":{"0":[0,0],"1":[0,0],"2":[0,0],"3":[0,0],"4":[0,0],"5":[0,0],"6":[0,0],"7":[0,0],"8":[0,0],"9":[0,0]},"meta":{"lastBranch":10,"lastFunction":3,"lastStatement":34,"seen":{"s:7:21:13:Infinity":0,"f:15:22:15:Infinity":0,"b:19:2:21:Infinity:undefined:undefined:undefined:undefined":0,"s:19:2:21:Infinity":1,"s:20:4:20:Infinity":2,"b:23:2:25:Infinity:undefined:undefined:undefined:undefined":1,"s:23:2:25:Infinity":3,"s:24:4:24:Infinity":4,"s:28:8:28:Infinity":5,"s:30:15:45:Infinity":6,"s:48:8:48:Infinity":7,"b:49:2:51:Infinity:undefined:undefined:undefined:undefined":2,"s:49:2:51:Infinity":8,"s:50:4:50:Infinity":9,"s:54:2:60:Infinity":10,"s:62:2:65:Infinity":11,"f:68:22:68:Infinity":1,"s:73:23:75:Infinity":12,"b:77:2:79:Infinity:undefined:undefined:undefined:undefined":3,"s:77:2:79:Infinity":13,"s:78:4:78:Infinity":14,"b:81:2:83:Infinity:undefined:undefined:undefined:undefined":4,"s:81:2:83:Infinity":15,"s:82:4:82:Infinity":16,"b:85:2:87:Infinity:undefined:undefined:undefined:undefined":5,"s:85:2:87:Infinity":17,"s:86:4:86:Infinity":18,"b:89:2:91:Infinity:undefined:undefined:undefined:undefined":6,"s:89:2:91:Infinity":19,"s:90:4:90:Infinity":20,"s:94:2:96:Infinity":21,"s:99:8:99:Infinity":22,"s:101:15:120:Infinity":23,"s:123:8:123:Infinity":24,"b:124:2:126:Infinity:undefined:undefined:undefined:undefined":7,"s:124:2:126:Infinity":25,"s:125:4:125:Infinity":26,"s:128:2:132:Infinity":27,"f:135:22:135:33":2,"s:136:23:138:Infinity":28,"b:140:2:142:Infinity:undefined:undefined:undefined:undefined":8,"s:140:2:142:Infinity":29,"s:141:4:141:Infinity":30,"b:144:2:146:Infinity:undefined:undefined:undefined:undefined":9,"s:144:2:146:Infinity":31,"s:145:4:145:Infinity":32,"s:148:2:150:Infinity":33}}}
,"/Users/donovanallen/Desktop/src/scilent-x/packages/social/src/posts/queries.ts": {"path":"/Users/donovanallen/Desktop/src/scilent-x/packages/social/src/posts/queries.ts","statementMap":{"0":{"start":{"line":6,"column":21},"end":{"line":12,"column":null}},"1":{"start":{"line":18,"column":15},"end":{"line":35,"column":null}},"2":{"start":{"line":37,"column":2},"end":{"line":39,"column":null}},"3":{"start":{"line":38,"column":4},"end":{"line":38,"column":null}},"4":{"start":{"line":41,"column":2},"end":{"line":45,"column":null}},"5":{"start":{"line":53,"column":23},"end":{"line":53,"column":null}},"6":{"start":{"line":54,"column":16},"end":{"line":54,"column":null}},"7":{"start":{"line":56,"column":16},"end":{"line":79,"column":null}},"8":{"start":{"line":81,"column":16},"end":{"line":85,"column":null}},"9":{"start":{"line":81,"column":37},"end":{"line":85,"column":4}},"10":{"start":{"line":87,"column":2},"end":{"line":87,"column":null}}},"fnMap":{"0":{"name":"getPostById","decl":{"start":{"line":14,"column":22},"end":{"line":14,"column":null}},"loc":{"start":{"line":17,"column":27},"end":{"line":46,"column":null}},"line":17},"1":{"name":"getPostsByAuthor","decl":{"start":{"line":48,"column":22},"end":{"line":48,"column":null}},"loc":{"start":{"line":52,"column":44},"end":{"line":88,"column":null}},"line":52},"2":{"name":"(anonymous_2)","decl":{"start":{"line":81,"column":26},"end":{"line":81,"column":27}},"loc":{"start":{"line":81,"column":37},"end":{"line":85,"column":4}},"line":81}},"branchMap":{"0":{"loc":{"start":{"line":28,"column":13},"end":{"line":33,"column":null}},"type":"cond-expr","locations":[{"start":{"line":29,"column":10},"end":{"line":32,"column":null}},{"start":{"line":33,"column":10},"end":{"line":33,"column":null}}],"line":28},"1":{"loc":{"start":{"line":37,"column":2},"end":{"line":39,"column":null}},"type":"if","locations":[{"start":{"line":37,"column":2},"end":{"line":39,"column":null}},{"start":{},"end":{}}],"line":37},"2":{"loc":{"start":{"line":43,"column":13},"end":{"line":43,"column":null}},"type":"cond-expr","locations":[{"start":{"line":43,"column":29},"end":{"line":43,"column":53}},{"start":{"line":43,"column":53},"end":{"line":43,"column":null}}],"line":43},"3":{"loc":{"start":{"line":50,"column":2},"end":{"line":50,"column":null}},"type":"default-arg","locations":[{"start":{"line":50,"column":29},"end":{"line":50,"column":null}}],"line":50},"4":{"loc":{"start":{"line":54,"column":16},"end":{"line":54,"column":null}},"type":"binary-expr","locations":[{"start":{"line":54,"column":16},"end":{"line":54,"column":32}},{"start":{"line":54,"column":32},"end":{"line":54,"column":null}}],"line":54},"5":{"loc":{"start":{"line":66,"column":13},"end":{"line":71,"column":null}},"type":"cond-expr","locations":[{"start":{"line":67,"column":10},"end":{"line":70,"column":null}},{"start":{"line":71,"column":10},"end":{"line":71,"column":null}}],"line":66},"6":{"loc":{"start":{"line":75,"column":8},"end":{"line":78,"column":null}},"type":"binary-expr","locations":[{"start":{"line":75,"column":8},"end":{"line":75,"column":18}},{"start":{"line":75,"column":18},"end":{"line":78,"column":null}}],"line":75},"7":{"loc":{"start":{"line":83,"column":13},"end":{"line":83,"column":null}},"type":"cond-expr","locations":[{"start":{"line":83,"column":29},"end":{"line":83,"column":53}},{"start":{"line":83,"column":53},"end":{"line":83,"column":null}}],"line":83}},"s":{"0":0,"1":0,"2":0,"3":0,"4":0,"5":0,"6":0,"7":0,"8":0,"9":0,"10":0},"f":{"0":0,"1":0,"2":0},"b":{"0":[0,0],"1":[0,0],"2":[0,0],"3":[0],"4":[0,0],"5":[0,0],"6":[0,0],"7":[0,0]},"meta":{"lastBranch":8,"lastFunction":3,"lastStatement":11,"seen":{"s:6:21:12:Infinity":0,"f:14:22:14:Infinity":0,"s:18:15:35:Infinity":1,"b:29:10:32:Infinity:33:10:33:Infinity":0,"b:37:2:39:Infinity:undefined:undefined:undefined:undefined":1,"s:37:2:39:Infinity":2,"s:38:4:38:Infinity":3,"s:41:2:45:Infinity":4,"b:43:29:43:53:43:53:43:Infinity":2,"f:48:22:48:Infinity":1,"b:50:29:50:Infinity":3,"s:53:23:53:Infinity":5,"s:54:16:54:Infinity":6,"b:54:16:54:32:54:32:54:Infinity":4,"s:56:16:79:Infinity":7,"b:67:10:70:Infinity:71:10:71:Infinity":5,"b:75:8:75:18:75:18:78:Infinity":6,"s:81:16:85:Infinity":8,"f:81:26:81:27":2,"s:81:37:85:4":9,"b:83:29:83:53:83:53:83:Infinity":7,"s:87:2:87:Infinity":10}}}
,"/Users/donovanallen/Desktop/src/scilent-x/packages/social/src/users/index.ts": {"path":"/Users/donovanallen/Desktop/src/scilent-x/packages/social/src/users/index.ts","statementMap":{},"fnMap":{},"branchMap":{},"s":{},"f":{},"b":{},"meta":{"lastBranch":0,"lastFunction":0,"lastStatement":0,"seen":{}}}
[...]
: {"path":"/Users/donovanallen/Desktop/src/scilent-x/packages/social/src/users/queries.ts","statementMap":{"0":{"start":{"line":11,"column":15},"end":{"line":42,"column":null}},"1":{"start":{"line":44,"column":2},"end":{"line":46,"column":null}},"2":{"start":{"line":45,"column":4},"end":{"line":45,"column":null}},"3":{"start":{"line":48,"column":20},"end":{"line":48,"column":null}},"4":{"start":{"line":54,"column":6},"end":{"line":67,"column":null}},"5":{"start":{"line":70,"column":2},"end":{"line":75,"column":null}},"6":{"start":{"line":71,"column":4},"end":{"line":74,"column":null}},"7":{"start":{"line":71,"column":63},"end":{"line":74,"column":6}},"8":{"start":{"line":77,"column":2},"end":{"line":77,"column":null}},"9":{"start":{"line":85,"column":15},"end":{"line":116,"column":null}},"10":{"start":{"line":118,"column":2},"end":{"line":120,"column":null}},"11":{"start":{"line":119,"column":4},"end":{"line":119,"column":null}},"12":{"start":{"line":122,"column":20},"end":{"line":122,"column":null}},"13":{"start":{"line":128,"column":6},"end":{"line":141,"column":null}},"14":{"start":{"line":144,"column":2},"end":{"line":149,"column":null}},"15":{"start":{"line":145,"column":4},"end":{"line":148,"column":null}},"16":{"start":{"line":145,"column":63},"end":{"line":148,"column":6}},"17":{"start":{"line":151,"column":2},"end":{"line":151,"column":null}},"18":{"start":{"line":159,"column":23},"end":{"line":159,"column":null}},"19":{"start":{"line":160,"column":16},"end":{"line":160,"column":null}},"20":{"start":{"line":162,"column":16},"end":{"line":199,"column":null}},"21":{"start":{"line":201,"column":16},"end":{"line":205,"column":null}},"22":{"start":{"line":201,"column":37},"end":{"line":205,"column":4}},"23":{"start":{"line":207,"column":2},"end":{"line":207,"column":null}},"24":{"start":{"line":215,"column":20},"end":{"line":218,"column":null}},"25":{"start":{"line":220,"column":23},"end":{"line":220,"column":null}},"26":{"start":{"line":220,"column":44},"end":{"line":220,"column":57}},"27":{"start":{"line":222,"column":16},"end":{"line":252,"column":null}},"28":{"start":{"line":254,"column":2},"end":{"line":257,"column":null}},"29":{"start":{"line":254,"column":30},"end":{"line":257,"column":4}}},"fnMap":{"0":{"name":"getUserById","decl":{"start":{"line":6,"column":22},"end":{"line":6,"column":null}},"loc":{"start":{"line":10,"column":24},"end":{"line":78,"column":null}},"line":10},"1":{"name":"(anonymous_1)","decl":{"start":{"line":71,"column":55},"end":{"line":71,"column":56}},"loc":{"start":{"line":71,"column":63},"end":{"line":74,"column":6}},"line":71},"2":{"name":"getUserByUsername","decl":{"start":{"line":80,"column":22},"end":{"line":80,"column":null}},"loc":{"start":{"line":84,"column":24},"end":{"line":152,"column":null}},"line":84},"3":{"name":"(anonymous_3)","decl":{"start":{"line":145,"column":55},"end":{"line":145,"column":56}},"loc":{"start":{"line":145,"column":63},"end":{"line":148,"column":6}},"line":145},"4":{"name":"searchUsers","decl":{"start":{"line":154,"column":22},"end":{"line":154,"column":null}},"loc":{"start":{"line":158,"column":41},"end":{"line":208,"column":null}},"line":158},"5":{"name":"(anonymous_5)","decl":{"start":{"line":201,"column":26},"end":{"line":201,"column":27}},"loc":{"start":{"line":201,"column":37},"end":{"line":205,"column":4}},"line":201},"6":{"name":"getSuggestedUsers","decl":{"start":{"line":210,"column":22},"end":{"line":210,"column":null}},"loc":{"start":{"line":213,"column":26},"end":{"line":258,"column":null}},"line":213},"7":{"name":"(anonymous_7)","decl":{"start":{"line":220,"column":37},"end":{"line":220,"column":38}},"loc":{"start":{"line":220,"column":44},"end":{"line":220,"column":57}},"line":220},"8":{"name":"(anonymous_8)","decl":{"start":{"line":254,"column":19},"end":{"line":254,"column":20}},"loc":{"start":{"line":254,"column":30},"end":{"line":257,"column":4}},"line":254}},"branchMap":{"0":{"loc":{"start":{"line":29,"column":17},"end":{"line":34,"column":null}},"type":"cond-expr","locations":[{"start":{"line":30,"column":10},"end":{"line":33,"column":null}},{"start":{"line":34,"column":10},"end":{"line":34,"column":null}}],"line":29},"1":{"loc":{"start":{"line":35,"column":16},"end":{"line":40,"column":null}},"type":"cond-expr","locations":[{"start":{"line":36,"column":10},"end":{"line":39,"column":null}},{"start":{"line":40,"column":10},"end":{"line":40,"column":null}}],"line":35},"2":{"loc":{"start":{"line":44,"column":2},"end":{"line":46,"column":null}},"type":"if","locations":[{"start":{"line":44,"column":2},"end":{"line":46,"column":null}},{"start":{},"end":{}}],"line":44},"3":{"loc":{"start":{"line":64,"column":17},"end":{"line":66,"column":null}},"type":"cond-expr","locations":[{"start":{"line":65,"column":9},"end":{"line":65,"column":null}},{"start":{"line":66,"column":8},"end":{"line":66,"column":null}}],"line":64},"4":{"loc":{"start":{"line":70,"column":2},"end":{"line":75,"column":null}},"type":"if","locations":[{"start":{"line":70,"column":2},"end":{"line":75,"column":null}},{"start":{},"end":{}}],"line":70},"5":{"loc":{"start":{"line":70,"column":6},"end":{"line":70,"column":63}},"type":"binary-expr","locations":[{"start":{"line":70,"column":6},"end":{"line":70,"column":43}},{"start":{"line":70,"column":43},"end":{"line":70,"column":63}}],"line":70},"6":{"loc":{"start":{"line":103,"column":17},"end":{"line":108,"column":null}},"type":"cond-expr","locations":[{"start":{"line":104,"column":10},"end":{"line":107,"column":null}},{"start":{"line":108,"column":10},"end":{"line":108,"column":null}}],"line":103},"7":{"loc":{"start":{"line":109,"column":16},"end":{"line":114,"column":null}},"type":"cond-expr","locations":[{"start":{"line":110,"column":10},"end":{"line":113,"column":null}},{"start":{"line":114,"column":10},"end":{"line":114,"column":null}}],"line":109},"8":{"loc":{"start":{"line":118,"column":2},"end":{"line":120,"column":null}},"type":"if","locations":[{"start":{"line":118,"column":2},"end":{"line":120,"column":null}},{"start":{},"end":{}}],"line":118},"9":{"loc":{"start":{"line":138,"column":17},"end":{"line":140,"column":null}},"type":"cond-expr","locations":[{"start":{"line":139,"column":9},"end":{"line":139,"column":null}},{"start":{"line":140,"column":8},"end":{"line":140,"column":null}}],"line":138},"10":{"loc":{"start":{"line":144,"column":2},"end":{"line":149,"column":null}},"type":"if","locations":[{"start":{"line":144,"column":2},"end":{"line":149,"column":null}},{"start":{},"end":{}}],"line":144},"11":{"loc":{"start":{"line":144,"column":6},"end":{"line":144,"column":63}},"type":"binary-expr","locations":[{"start":{"line":144,"column":6},"end":{"line":144,"column":43}},{"start":{"line":144,"column":43},"end":{"line":144,"column":63}}],"line":144},"12":{"loc":{"start":{"line":156,"column":2},"end":{"line":156,"column":null}},"type":"default-arg","locations":[{"start":{"line":156,"column":29},"end":{"line":156,"column":null}}],"line":156},"13":{"loc":{"start":{"line":160,"column":16},"end":{"line":160,"column":null}},"type":"binary-expr","locations":[{"start":{"line":160,"column":16},"end":{"line":160,"column":32}},{"start":{"line":160,"column":32},"end":{"line":160,"column":null}}],"line":160},"14":{"loc":{"start":{"line":186,"column":17},"end":{"line":191,"column":null}},"type":"cond-expr","locations":[{"start":{"line":187,"column":10},"end":{"line":190,"column":null}},{"start":{"line":191,"column":10},"end":{"line":191,"column":null}}],"line":186},"15":{"loc":{"start":{"line":195,"column":8},"end":{"line":198,"column":null}},"type":"binary-expr","locations":[{"start":{"line":195,"column":8},"end":{"line":195,"column":18}},{"start":{"line":195,"column":18},"end":{"line":198,"column":null}}],"line":195},"16":{"loc":{"start":{"line":203,"column":17},"end":{"line":203,"column":null}},"type":"cond-expr","locations":[{"start":{"line":203,"column":33},"end":{"line":203,"column":61}},{"start":{"line":203,"column":61},"end":{"line":203,"column":null}}],"line":203},"17":{"loc":{"start":{"line":212,"column":2},"end":{"line":212,"column":null}},"type":"default-arg","locations":[{"start":{"line":212,"column":18},"end":{"line":212,"column":null}}],"line":212}},"s":{"0":0,"1":0,"2":0,"3":0,"4":0,"5":0,"6":0,"7":0,"8":0,"9":0,"10":0,"11":0,"12":0,"13":0,"14":0,"15":0,"16":0,"17":0,"18":0,"19":0,"20":0,"21":0,"22":0,"23":0,"24":0,"25":0,"26":0,"27":0,"28":0,"29":0},"f":{"0":0,"1":0,"2":0,"3":0,"4":0,"5":0,"6":0,"7":0,"8":0},"b":{"0":[0,0],"1":[0,0],"2":[0,0],"3":[0,0],"4":[0,0],"5":[0,0],"6":[0,0],"7":[0,0],"8":[0,0],"9":[0,0],"10":[0,0],"11":[0,0],"12":[0],"13":[0,0],"14":[0,0],"15":[0,0],"16":[0,0],"17":[0]},"meta":{"lastBranch":18,"lastFunction":9,"lastStatement":30,"seen":{"f:6:22:6:Infinity":0,"s:11:15:42:Infinity":0,"b:30:10:33:Infinity:34:10:34:Infinity":0,"b:36:10:39:Infinity:40:10:40:Infinity":1,"b:44:2:46:Infinity:undefined:undefined:undefined:undefined":2,"s:44:2:46:Infinity":1,"s:45:4:45:Infinity":2,"s:48:20:48:Infinity":3,"s:54:6:67:Infinity":4,"b:65:9:65:Infinity:66:8:66:Infinity":3,"b:70:2:75:Infinity:undefined:undefined:undefined:undefined":4,"s:70:2:75:Infinity":5,"b:70:6:70:43:70:43:70:63":5,"s:71:4:74:Infinity":6,"f:71:55:71:56":1,"s:71:63:74:6":7,"s:77:2:77:Infinity":8,"f:80:22:80:Infinity":2,"s:85:15:116:Infinity":9,"b:104:10:107:Infinity:108:10:108:Infinity":6,"b:110:10:113:Infinity:114:10:114:Infinity":7,"b:118:2:120:Infinity:undefined:undefined:undefined:undefined":8,"s:118:2:120:Infinity":10,"s:119:4:119:Infinity":11,"s:122:20:122:Infinity":12,"s:128:6:141:Infinity":13,"b:139:9:139:Infinity:140:8:140:Infinity":9,"b:144:2:149:Infinity:undefined:undefined:undefined:undefined":10,"s:144:2:149:Infinity":14,"b:144:6:144:43:144:43:144:63":11,"s:145:4:148:Infinity":15,"f:145:55:145:56":3,"s:145:63:148:6":16,"s:151:2:151:Infinity":17,"f:154:22:154:Infinity":4,"b:156:29:156:Infinity":12,"s:159:23:159:Infinity":18,"s:160:16:160:Infinity":19,"b:160:16:160:32:160:32:160:Infinity":13,"s:162:16:199:Infinity":20,"b:187:10:190:Infinity:191:10:191:Infinity":14,"b:195:8:195:18:195:18:198:Infinity":15,"s:201:16:205:Infinity":21,"f:201:26:201:27":5,"s:201:37:205:4":22,"b:203:33:203:61:203:61:203:Infinity":16,"s:207:2:207:Infinity":23,"f:210:22:210:Infinity":6,"b:212:18:212:Infinity":17,"s:215:20:218:Infinity":24,"s:220:23:220:Infinity":25,"f:220:37:220:38":7,"s:220:44:220:57":26,"s:222:16:252:Infinity":27,"s:254:2:257:Infinity":28,"f:254:19:254:20":8,"s:254:30:257:4":29}}}
,"/Users/donovanallen/Desktop/src/scilent-x/packages/social/src/utils/errors.ts": {"path":"/Users/donovanallen/Desktop/src/scilent-x/packages/social/src/utils/errors.ts","statementMap":{"0":{"start":{"line":7,"column":4},"end":{"line":7,"column":null}},"1":{"start":{"line":4,"column":11},"end":{"line":4,"column":null}},"2":{"start":{"line":5,"column":11},"end":{"line":5,"column":32}},"3":{"start":{"line":8,"column":4},"end":{"line":8,"column":null}},"4":{"start":{"line":14,"column":4},"end":{"line":14,"column":null}},"5":{"start":{"line":15,"column":4},"end":{"line":15,"column":null}},"6":{"start":{"line":21,"column":4},"end":{"line":21,"column":null}},"7":{"start":{"line":22,"column":4},"end":{"line":22,"column":null}},"8":{"start":{"line":28,"column":4},"end":{"line":28,"column":null}},"9":{"start":{"line":29,"column":4},"end":{"line":29,"column":null}},"10":{"start":{"line":35,"column":4},"end":{"line":35,"column":null}},"11":{"start":{"line":36,"column":4},"end":{"line":36,"column":null}},"12":{"start":{"line":42,"column":4},"end":{"line":42,"column":null}},"13":{"start":{"line":43,"column":4},"end":{"line":43,"column":null}}},"fnMap":{"0":{"name":"(anonymous_0)","decl":{"start":{"line":2,"column":2},"end":{"line":2,"column":null}},"loc":{"start":{"line":6,"column":4},"end":{"line":9,"column":null}},"line":6},"1":{"name":"(anonymous_1)","decl":{"start":{"line":13,"column":2},"end":{"line":13,"column":14}},"loc":{"start":{"line":13,"column":32},"end":{"line":16,"column":null}},"line":13},"2":{"name":"(anonymous_2)","decl":{"start":{"line":20,"column":2},"end":{"line":20,"column":14}},"loc":{"start":{"line":20,"column":40},"end":{"line":23,"column":null}},"line":20},"3":{"name":"(anonymous_3)","decl":{"start":{"line":27,"column":2},"end":{"line":27,"column":14}},"loc":{"start":{"line":27,"column":37},"end":{"line":30,"column":null}},"line":27},"4":{"name":"(anonymous_4)","decl":{"start":{"line":34,"column":2},"end":{"line":34,"column":14}},"loc":{"start":{"line":34,"column":31},"end":{"line":37,"column":null}},"line":34},"5":{"name":"(anonymous_5)","decl":{"start":{"line":41,"column":2},"end":{"line":41,"column":14}},"loc":{"start":{"line":41,"column":31},"end":{"line":44,"column":null}},"line":41}},"branchMap":{"0":{"loc":{"start":{"line":5,"column":11},"end":{"line":5,"column":null}},"type":"default-arg","locations":[{"start":{"line":5,"column":32},"end":{"line":5,"column":null}}],"line":5},"1":{"loc":{"start":{"line":20,"column":14},"end":{"line":20,"column":40}},"type":"default-arg","locations":[{"start":{"line":20,"column":24},"end":{"line":20,"column":40}}],"line":20},"2":{"loc":{"start":{"line":27,"column":14},"end":{"line":27,"column":37}},"type":"default-arg","locations":[{"start":{"line":27,"column":24},"end":{"line":27,"column":37}}],"line":27}},"s":{"0":30,"1":30,"2":30,"3":30,"4":8,"5":8,"6":4,"7":4,"8":4,"9":4,"10":5,"11":5,"12":5,"13":5},"f":{"0":30,"1":8,"2":4,"3":4,"4":5,"5":5},"b":{"0":[30],"1":[4],"2":[4]},"meta":{"lastBranch":3,"lastFunction":6,"lastStatement":14,"seen":{"f:2:2:2:Infinity":0,"b:5:32:5:Infinity":0,"s:7:4:7:Infinity":0,"s:4:11:4:Infinity":1,"s:5:11:5:32":2,"s:8:4:8:Infinity":3,"f:13:2:13:14":1,"s:14:4:14:Infinity":4,"s:15:4:15:Infinity":5,"f:20:2:20:14":2,"b:20:24:20:40":1,"s:21:4:21:Infinity":6,"s:22:4:22:Infinity":7,"f:27:2:27:14":3,"b:27:24:27:37":2,"s:28:4:28:Infinity":8,"s:29:4:29:Infinity":9,"f:34:2:34:14":4,"s:35:4:35:Infinity":10,"s:36:4:36:Infinity":11,"f:41:2:41:14":5,"s:42:4:42:Infinity":12,"s:43:4:43:Infinity":13}}}
,"/Users/donovanallen/Desktop/src/scilent-x/packages/social/src/utils/index.ts": {"path":"/Users/donovanallen/Desktop/src/scilent-x/packages/social/src/utils/index.ts","statementMap":{},"fnMap":{},"branchMap":{},"s":{},"f":{},"b":{},"meta":{"lastBranch":0,"lastFunction":0,"lastStatement":0,"seen":{}}}
,"/Users/donovanallen/Desktop/src/scilent-x/packages/social/src/utils/pagination.ts": {"path":"/Users/donovanallen/Desktop/src/scilent-x/packages/social/src/utils/pagination.ts","statementMap":{"0":{"start":{"line":3,"column":33},"end":{"line":3,"column":null}},"1":{"start":{"line":4,"column":29},"end":{"line":4,"column":null}},"2":{"start":{"line":10,"column":16},"end":{"line":10,"column":null}},"3":{"start":{"line":11,"column":2},"end":{"line":14,"column":null}},"4":{"start":{"line":21,"column":18},"end":{"line":21,"column":null}},"5":{"start":{"line":22,"column":22},"end":{"line":22,"column":null}},"6":{"start":{"line":23,"column":21},"end":{"line":23,"column":null}},"7":{"start":{"line":25,"column":2},"end":{"line":29,"column":null}}},"fnMap":{"0":{"name":"getPaginationParams","decl":{"start":{"line":6,"column":16},"end":{"line":6,"column":36}},"loc":{"start":{"line":9,"column":2},"end":{"line":15,"column":null}},"line":9},"1":{"name":"createPaginatedResult","decl":{"start":{"line":17,"column":16},"end":{"line":17,"column":null}},"loc":{"start":{"line":20,"column":22},"end":{"line":30,"column":null}},"line":20}},"branchMap":{"0":{"loc":{"start":{"line":10,"column":25},"end":{"line":10,"column":60}},"type":"binary-expr","locations":[{"start":{"line":10,"column":25},"end":{"line":10,"column":41}},{"start":{"line":10,"column":41},"end":{"line":10,"column":60}}],"line":10},"1":{"loc":{"start":{"line":22,"column":22},"end":{"line":22,"column":null}},"type":"cond-expr","locations":[{"start":{"line":22,"column":32},"end":{"line":22,"column":56}},{"start":{"line":22,"column":56},"end":{"line":22,"column":null}}],"line":22},"2":{"loc":{"start":{"line":23,"column":21},"end":{"line":23,"column":null}},"type":"cond-expr","locations":[{"start":{"line":23,"column":32},"end":{"line":23,"column":83}},{"start":{"line":23,"column":83},"end":{"line":23,"column":null}}],"line":23},"3":{"loc":{"start":{"line":23,"column":32},"end":{"line":23,"column":83}},"type":"binary-expr","locations":[{"start":{"line":23,"column":32},"end":{"line":23,"column":75}},{"start":{"line":23,"column":75},"end":{"line":23,"column":83}}],"line":23}},"s":{"0":1,"1":1,"2":10,"3":10,"4":11,"5":11,"6":11,"7":11},"f":{"0":10,"1":11},"b":{"0":[10,4],"1":[5,6],"2":[5,6],"3":[5,0]},"meta":{"lastBranch":4,"lastFunction":2,"lastStatement":8,"seen":{"s:3:33:3:Infinity":0,"s:4:29:4:Infinity":1,"f:6:16:6:36":0,"s:10:16:10:Infinity":2,"b:10:25:10:41:10:41:10:60":0,"s:11:2:14:Infinity":3,"f:17:16:17:Infinity":1,"s:21:18:21:Infinity":4,"s:22:22:22:Infinity":5,"b:22:32:22:56:22:56:22:Infinity":1,"s:23:21:23:Infinity":6,"b:23:32:23:83:23:83:23:Infinity":2,"b:23:32:23:75:23:75:23:83":3,"s:25:2:29:Infinity":7}}}
,"/Users/donovanallen/Desktop/src/scilent-x/packages/social/src/utils/sanitize.ts": {"path":"/Users/donovanallen/Desktop/src/scilent-x/packages/social/src/utils/sanitize.ts","statementMap":{"0":{"start":{"line":7,"column":21},"end":{"line":22,"column":null}},"1":{"start":{"line":28,"column":21},"end":{"line":39,"column":null}},"2":{"start":{"line":45,"column":24},"end":{"line":45,"column":null}},"3":{"start":{"line":55,"column":2},"end":{"line":57,"column":null}},"4":{"start":{"line":56,"column":4},"end":{"line":56,"column":null}},"5":{"start":{"line":60,"column":2},"end":{"line":62,"column":null}},"6":{"start":{"line":61,"column":4},"end":{"line":61,"column":null}},"7":{"start":{"line":64,"column":16},"end":{"line":71,"column":null}},"8":{"start":{"line":74,"column":2},"end":{"line":76,"column":null}},"9":{"start":{"line":75,"column":4},"end":{"line":75,"column":null}},"10":{"start":{"line":78,"column":2},"end":{"line":78,"column":null}}},"fnMap":{"0":{"name":"sanitizeHtml","decl":{"start":{"line":54,"column":16},"end":{"line":54,"column":29}},"loc":{"start":{"line":54,"column":77},"end":{"line":79,"column":null}},"line":54}},"branchMap":{"0":{"loc":{"start":{"line":55,"column":2},"end":{"line":57,"column":null}},"type":"if","locations":[{"start":{"line":55,"column":2},"end":{"line":57,"column":null}},{"start":{},"end":{}}],"line":55},"1":{"loc":{"start":{"line":55,"column":6},"end":{"line":55,"column":41}},"type":"binary-expr","locations":[{"start":{"line":55,"column":6},"end":{"line":55,"column":15}},{"start":{"line":55,"column":15},"end":{"line":55,"column":41}}],"line":55},"2":{"loc":{"start":{"line":60,"column":2},"end":{"line":62,"column":null}},"type":"if","locations":[{"start":{"line":60,"column":2},"end":{"line":62,"column":null}},{"start":{},"end":{}}],"line":60},"3":{"loc":{"start":{"line":74,"column":2},"end":{"line":76,"column":null}},"type":"if","locations":[{"start":{"line":74,"column":2},"end":{"line":76,"column":null}},{"start":{},"end":{}}],"line":74},"4":{"loc":{"start":{"line":74,"column":6},"end":{"line":74,"column":37}},"type":"binary-expr","locations":[{"start":{"line":74,"column":6},"end":{"line":74,"column":16}},{"start":{"line":74,"column":16},"end":{"line":74,"column":37}}],"line":74}},"s":{"0":1,"1":1,"2":1,"3":38,"4":3,"5":35,"6":1,"7":34,"8":34,"9":6,"10":28},"f":{"0":38},"b":{"0":[3,35],"1":[38,35],"2":[1,34],"3":[6,28],"4":[34,29]},"meta":{"lastBranch":5,"lastFunction":1,"lastStatement":11,"seen":{"s:7:21:22:Infinity":0,"s:28:21:39:Infinity":1,"s:45:24:45:Infinity":2,"f:54:16:54:29":0,"b:55:2:57:Infinity:undefined:undefined:undefined:undefined":0,"s:55:2:57:Infinity":3,"b:55:6:55:15:55:15:55:41":1,"s:56:4:56:Infinity":4,"b:60:2:62:Infinity:undefined:undefined:undefined:undefined":2,"s:60:2:62:Infinity":5,"s:61:4:61:Infinity":6,"s:64:16:71:Infinity":7,"b:74:2:76:Infinity:undefined:undefined:undefined:undefined":3,"s:74:2:76:Infinity":8,"b:74:6:74:16:74:16:74:37":4,"s:75:4:75:Infinity":9,"s:78:2:78:Infinity":10}}}
}
