{"/Users/donovanallen/Desktop/src/scilent-x/packages/harmony-ui/src/__stories__/mock-data.ts": {"path":"/Users/donovanallen/Desktop/src/scilent-x/packages/harmony-ui/src/__stories__/mock-data.ts","statementMap":{"0":{"start":{"line":8,"column":37},"end":{"line":8,"column":null}},"1":{"start":{"line":9,"column":40},"end":{"line":9,"column":null}},"2":{"start":{"line":10,"column":40},"end":{"line":10,"column":null}},"3":{"start":{"line":12,"column":32},"end":{"line":15,"column":null}},"4":{"start":{"line":17,"column":33},"end":{"line":20,"column":null}},"5":{"start":{"line":22,"column":42},"end":{"line":44,"column":null}},"6":{"start":{"line":46,"column":50},"end":{"line":63,"column":null}},"7":{"start":{"line":65,"column":45},"end":{"line":101,"column":null}},"8":{"start":{"line":103,"column":44},"end":{"line":131,"column":null}},"9":{"start":{"line":133,"column":48},"end":{"line":153,"column":null}},"10":{"start":{"line":155,"column":46},"end":{"line":195,"column":null}},"11":{"start":{"line":197,"column":45},"end":{"line":228,"column":null}},"12":{"start":{"line":230,"column":41},"end":{"line":263,"column":null}},"13":{"start":{"line":265,"column":49},"end":{"line":290,"column":null}},"14":{"start":{"line":292,"column":50},"end":{"line":326,"column":null}},"15":{"start":{"line":302,"column":52},"end":{"line":306,"column":8}},"16":{"start":{"line":311,"column":52},"end":{"line":317,"column":8}}},"fnMap":{"0":{"name":"(anonymous_0)","decl":{"start":{"line":302,"column":41},"end":{"line":302,"column":42}},"loc":{"start":{"line":302,"column":52},"end":{"line":306,"column":8}},"line":302},"1":{"name":"(anonymous_1)","decl":{"start":{"line":311,"column":41},"end":{"line":311,"column":42}},"loc":{"start":{"line":311,"column":52},"end":{"line":317,"column":8}},"line":311}},"branchMap":{},"s":{"0":0,"1":0,"2":0,"3":0,"4":0,"5":0,"6":0,"7":0,"8":0,"9":0,"10":0,"11":0,"12":0,"13":0,"14":0,"15":0,"16":0},"f":{"0":0,"1":0},"b":{},"meta":{"lastBranch":0,"lastFunction":2,"lastStatement":17,"seen":{"s:8:37:8:Infinity":0,"s:9:40:9:Infinity":1,"s:10:40:10:Infinity":2,"s:12:32:15:Infinity":3,"s:17:33:20:Infinity":4,"s:22:42:44:Infinity":5,"s:46:50:63:Infinity":6,"s:65:45:101:Infinity":7,"s:103:44:131:Infinity":8,"s:133:48:153:Infinity":9,"s:155:46:195:Infinity":10,"s:197:45:228:Infinity":11,"s:230:41:263:Infinity":12,"s:265:49:290:Infinity":13,"s:292:50:326:Infinity":14,"f:302:41:302:42":0,"s:302:52:306:8":15,"f:311:41:311:42":1,"s:311:52:317:8":16}}}
,"/Users/donovanallen/Desktop/src/scilent-x/packages/harmony-ui/src/icons/types.ts": {"path":"/Users/donovanallen/Desktop/src/scilent-x/packages/harmony-ui/src/icons/types.ts","statementMap":{"0":{"start":{"line":20,"column":54},"end":{"line":26,"column":null}},"1":{"start":{"line":29,"column":57},"end":{"line":33,"column":null}},"2":{"start":{"line":36,"column":63},"end":{"line":40,"column":null}},"3":{"start":{"line":82,"column":2},"end":{"line":82,"column":null}},"4":{"start":{"line":82,"column":26},"end":{"line":82,"column":null}},"5":{"start":{"line":83,"column":2},"end":{"line":83,"column":null}},"6":{"start":{"line":83,"column":32},"end":{"line":83,"column":null}},"7":{"start":{"line":84,"column":2},"end":{"line":84,"column":null}},"8":{"start":{"line":94,"column":2},"end":{"line":105,"column":null}},"9":{"start":{"line":96,"column":6},"end":{"line":96,"column":null}},"10":{"start":{"line":98,"column":6},"end":{"line":98,"column":null}},"11":{"start":{"line":100,"column":6},"end":{"line":100,"column":null}},"12":{"start":{"line":102,"column":6},"end":{"line":102,"column":null}},"13":{"start":{"line":104,"column":6},"end":{"line":104,"column":null}}},"fnMap":{"0":{"name":"resolveSize","decl":{"start":{"line":81,"column":16},"end":{"line":81,"column":28}},"loc":{"start":{"line":81,"column":73},"end":{"line":85,"column":null}},"line":81},"1":{"name":"resolveFillColor","decl":{"start":{"line":90,"column":16},"end":{"line":90,"column":null}},"loc":{"start":{"line":93,"column":10},"end":{"line":106,"column":null}},"line":93}},"branchMap":{"0":{"loc":{"start":{"line":82,"column":2},"end":{"line":82,"column":null}},"type":"if","locations":[{"start":{"line":82,"column":2},"end":{"line":82,"column":null}},{"start":{},"end":{}}],"line":82},"1":{"loc":{"start":{"line":83,"column":2},"end":{"line":83,"column":null}},"type":"if","locations":[{"start":{"line":83,"column":2},"end":{"line":83,"column":null}},{"start":{},"end":{}}],"line":83},"2":{"loc":{"start":{"line":94,"column":2},"end":{"line":105,"column":null}},"type":"switch","locations":[{"start":{"line":95,"column":4},"end":{"line":96,"column":null}},{"start":{"line":97,"column":4},"end":{"line":98,"column":null}},{"start":{"line":99,"column":4},"end":{"line":100,"column":null}},{"start":{"line":101,"column":4},"end":{"line":102,"column":null}},{"start":{"line":103,"column":4},"end":{"line":104,"column":null}}],"line":94}},"s":{"0":0,"1":0,"2":0,"3":0,"4":0,"5":0,"6":0,"7":0,"8":0,"9":0,"10":0,"11":0,"12":0,"13":0},"f":{"0":0,"1":0},"b":{"0":[0,0],"1":[0,0],"2":[0,0,0,0,0]},"meta":{"lastBranch":3,"lastFunction":2,"lastStatement":14,"seen":{"s:20:54:26:Infinity":0,"s:29:57:33:Infinity":1,"s:36:63:40:Infinity":2,"f:81:16:81:28":0,"b:82:2:82:Infinity:undefined:undefined:undefined:undefined":0,"s:82:2:82:Infinity":3,"s:82:26:82:Infinity":4,"b:83:2:83:Infinity:undefined:undefined:undefined:undefined":1,"s:83:2:83:Infinity":5,"s:83:32:83:Infinity":6,"s:84:2:84:Infinity":7,"f:90:16:90:Infinity":1,"b:95:4:96:Infinity:97:4:98:Infinity:99:4:100:Infinity:101:4:102:Infinity:103:4:104:Infinity":2,"s:94:2:105:Infinity":8,"s:96:6:96:Infinity":9,"s:98:6:98:Infinity":10,"s:100:6:100:Infinity":11,"s:102:6:102:Infinity":12,"s:104:6:104:Infinity":13}}}
,"/Users/donovanallen/Desktop/src/scilent-x/packages/harmony-ui/src/interactions/types.ts": {"path":"/Users/donovanallen/Desktop/src/scilent-x/packages/harmony-ui/src/interactions/types.ts","statementMap":{},"fnMap":{},"branchMap":{},"s":{},"f":{},"b":{},"meta":{"lastBranch":0,"lastFunction":0,"lastStatement":0,"seen":{}}}
,"/Users/donovanallen/Desktop/src/scilent-x/packages/harmony-ui/src/utils/format.ts": {"path":"/Users/donovanallen/Desktop/src/scilent-x/packages/harmony-ui/src/utils/format.ts","statementMap":{"0":{"start":{"line":7,"column":2},"end":{"line":7,"column":null}},"1":{"start":{"line":7,"column":35},"end":{"line":7,"column":null}},"2":{"start":{"line":9,"column":23},"end":{"line":9,"column":null}},"3":{"start":{"line":10,"column":16},"end":{"line":10,"column":null}},"4":{"start":{"line":11,"column":18},"end":{"line":11,"column":null}},"5":{"start":{"line":12,"column":18},"end":{"line":12,"column":null}},"6":{"start":{"line":14,"column":2},"end":{"line":16,"column":null}},"7":{"start":{"line":15,"column":4},"end":{"line":15,"column":null}},"8":{"start":{"line":18,"column":2},"end":{"line":18,"column":null}},"9":{"start":{"line":25,"column":2},"end":{"line":25,"column":null}},"10":{"start":{"line":25,"column":13},"end":{"line":25,"column":null}},"11":{"start":{"line":27,"column":26},"end":{"line":27,"column":null}},"12":{"start":{"line":29,"column":2},"end":{"line":31,"column":null}},"13":{"start":{"line":30,"column":4},"end":{"line":30,"column":null}},"14":{"start":{"line":33,"column":2},"end":{"line":49,"column":null}},"15":{"start":{"line":34,"column":23},"end":{"line":47,"column":null}},"16":{"start":{"line":48,"column":4},"end":{"line":48,"column":null}},"17":{"start":{"line":51,"column":2},"end":{"line":53,"column":null}},"18":{"start":{"line":52,"column":4},"end":{"line":52,"column":null}},"19":{"start":{"line":55,"column":2},"end":{"line":55,"column":null}},"20":{"start":{"line":64,"column":2},"end":{"line":70,"column":null}},"21":{"start":{"line":66,"column":19},"end":{"line":66,"column":null}},"22":{"start":{"line":67,"column":25},"end":{"line":67,"column":null}},"23":{"start":{"line":68,"column":6},"end":{"line":68,"column":null}},"24":{"start":{"line":79,"column":16},"end":{"line":79,"column":null}},"25":{"start":{"line":80,"column":2},"end":{"line":80,"column":null}},"26":{"start":{"line":80,"column":14},"end":{"line":80,"column":null}},"27":{"start":{"line":81,"column":2},"end":{"line":81,"column":null}},"28":{"start":{"line":91,"column":2},"end":{"line":93,"column":null}},"29":{"start":{"line":92,"column":21},"end":{"line":92,"column":55}},"30":{"start":{"line":103,"column":2},"end":{"line":105,"column":null}},"31":{"start":{"line":104,"column":4},"end":{"line":104,"column":null}},"32":{"start":{"line":106,"column":2},"end":{"line":108,"column":null}},"33":{"start":{"line":107,"column":4},"end":{"line":107,"column":null}},"34":{"start":{"line":109,"column":2},"end":{"line":109,"column":null}},"35":{"start":{"line":118,"column":2},"end":{"line":118,"column":null}},"36":{"start":{"line":118,"column":40},"end":{"line":118,"column":null}},"37":{"start":{"line":120,"column":16},"end":{"line":120,"column":null}},"38":{"start":{"line":120,"column":36},"end":{"line":120,"column":54}},"39":{"start":{"line":121,"column":23},"end":{"line":121,"column":null}},"40":{"start":{"line":122,"column":2},"end":{"line":122,"column":null}},"41":{"start":{"line":128,"column":53},"end":{"line":141,"column":null}},"42":{"start":{"line":147,"column":2},"end":{"line":147,"column":null}}},"fnMap":{"0":{"name":"formatDuration","decl":{"start":{"line":6,"column":16},"end":{"line":6,"column":31}},"loc":{"start":{"line":6,"column":63},"end":{"line":19,"column":null}},"line":6},"1":{"name":"formatPartialDate","decl":{"start":{"line":24,"column":16},"end":{"line":24,"column":34}},"loc":{"start":{"line":24,"column":73},"end":{"line":56,"column":null}},"line":24},"2":{"name":"formatArtistCredits","decl":{"start":{"line":61,"column":16},"end":{"line":61,"column":null}},"loc":{"start":{"line":63,"column":10},"end":{"line":71,"column":null}},"line":63},"3":{"name":"(anonymous_3)","decl":{"start":{"line":65,"column":9},"end":{"line":65,"column":10}},"loc":{"start":{"line":65,"column":28},"end":{"line":69,"column":5}},"line":65},"4":{"name":"getPrimaryArtistName","decl":{"start":{"line":76,"column":16},"end":{"line":76,"column":null}},"loc":{"start":{"line":78,"column":10},"end":{"line":82,"column":null}},"line":78},"5":{"name":"formatArtistNames","decl":{"start":{"line":88,"column":16},"end":{"line":88,"column":null}},"loc":{"start":{"line":90,"column":10},"end":{"line":94,"column":null}},"line":90},"6":{"name":"(anonymous_6)","decl":{"start":{"line":92,"column":9},"end":{"line":92,"column":10}},"loc":{"start":{"line":92,"column":21},"end":{"line":92,"column":55}},"line":92},"7":{"name":"formatTrackPosition","decl":{"start":{"line":99,"column":16},"end":{"line":99,"column":null}},"loc":{"start":{"line":102,"column":10},"end":{"line":110,"column":null}},"line":102},"8":{"name":"getFrontArtworkUrl","decl":{"start":{"line":115,"column":16},"end":{"line":115,"column":null}},"loc":{"start":{"line":117,"column":22},"end":{"line":123,"column":null}},"line":117},"9":{"name":"(anonymous_9)","decl":{"start":{"line":120,"column":29},"end":{"line":120,"column":30}},"loc":{"start":{"line":120,"column":36},"end":{"line":120,"column":54}},"line":120},"10":{"name":"formatPlatformName","decl":{"start":{"line":146,"column":16},"end":{"line":146,"column":35}},"loc":{"start":{"line":146,"column":61},"end":{"line":148,"column":null}},"line":146}},"branchMap":{"0":{"loc":{"start":{"line":7,"column":2},"end":{"line":7,"column":null}},"type":"if","locations":[{"start":{"line":7,"column":2},"end":{"line":7,"column":null}},{"start":{},"end":{}}],"line":7},"1":{"loc":{"start":{"line":7,"column":6},"end":{"line":7,"column":35}},"type":"binary-expr","locations":[{"start":{"line":7,"column":6},"end":{"line":7,"column":13}},{"start":{"line":7,"column":13},"end":{"line":7,"column":35}}],"line":7},"2":{"loc":{"start":{"line":14,"column":2},"end":{"line":16,"column":null}},"type":"if","locations":[{"start":{"line":14,"column":2},"end":{"line":16,"column":null}},{"start":{},"end":{}}],"line":14},"3":{"loc":{"start":{"line":25,"column":2},"end":{"line":25,"column":null}},"type":"if","locations":[{"start":{"line":25,"column":2},"end":{"line":25,"column":null}},{"start":{},"end":{}}],"line":25},"4":{"loc":{"start":{"line":29,"column":2},"end":{"line":31,"column":null}},"type":"if","locations":[{"start":{"line":29,"column":2},"end":{"line":31,"column":null}},{"start":{},"end":{}}],"line":29},"5":{"loc":{"start":{"line":33,"column":2},"end":{"line":49,"column":null}},"type":"if","locations":[{"start":{"line":33,"column":2},"end":{"line":49,"column":null}},{"start":{},"end":{}}],"line":33},"6":{"loc":{"start":{"line":48,"column":18},"end":{"line":48,"column":50}},"type":"binary-expr","locations":[{"start":{"line":48,"column":18},"end":{"line":48,"column":48}},{"start":{"line":48,"column":48},"end":{"line":48,"column":50}}],"line":48},"7":{"loc":{"start":{"line":51,"column":2},"end":{"line":53,"column":null}},"type":"if","locations":[{"start":{"line":51,"column":2},"end":{"line":53,"column":null}},{"start":{},"end":{}}],"line":51},"8":{"loc":{"start":{"line":66,"column":19},"end":{"line":66,"column":null}},"type":"binary-expr","locations":[{"start":{"line":66,"column":19},"end":{"line":66,"column":42}},{"start":{"line":66,"column":42},"end":{"line":66,"column":null}}],"line":66},"9":{"loc":{"start":{"line":67,"column":25},"end":{"line":67,"column":null}},"type":"binary-expr","locations":[{"start":{"line":67,"column":25},"end":{"line":67,"column":47}},{"start":{"line":67,"column":47},"end":{"line":67,"column":null}}],"line":67},"10":{"loc":{"start":{"line":67,"column":47},"end":{"line":67,"column":null}},"type":"cond-expr","locations":[{"start":{"line":67,"column":76},"end":{"line":67,"column":83}},{"start":{"line":67,"column":83},"end":{"line":67,"column":null}}],"line":67},"11":{"loc":{"start":{"line":80,"column":2},"end":{"line":80,"column":null}},"type":"if","locations":[{"start":{"line":80,"column":2},"end":{"line":80,"column":null}},{"start":{},"end":{}}],"line":80},"12":{"loc":{"start":{"line":81,"column":9},"end":{"line":81,"column":null}},"type":"binary-expr","locations":[{"start":{"line":81,"column":9},"end":{"line":81,"column":31}},{"start":{"line":81,"column":31},"end":{"line":81,"column":null}}],"line":81},"13":{"loc":{"start":{"line":92,"column":21},"end":{"line":92,"column":55}},"type":"binary-expr","locations":[{"start":{"line":92,"column":21},"end":{"line":92,"column":44}},{"start":{"line":92,"column":44},"end":{"line":92,"column":55}}],"line":92},"14":{"loc":{"start":{"line":103,"column":2},"end":{"line":105,"column":null}},"type":"if","locations":[{"start":{"line":103,"column":2},"end":{"line":105,"column":null}},{"start":{},"end":{}}],"line":103},"15":{"loc":{"start":{"line":103,"column":6},"end":{"line":103,"column":51}},"type":"binary-expr","locations":[{"start":{"line":103,"column":6},"end":{"line":103,"column":32}},{"start":{"line":103,"column":32},"end":{"line":103,"column":51}}],"line":103},"16":{"loc":{"start":{"line":106,"column":2},"end":{"line":108,"column":null}},"type":"if","locations":[{"start":{"line":106,"column":2},"end":{"line":108,"column":null}},{"start":{},"end":{}}],"line":106},"17":{"loc":{"start":{"line":106,"column":6},"end":{"line":106,"column":36}},"type":"binary-expr","locations":[{"start":{"line":106,"column":6},"end":{"line":106,"column":20}},{"start":{"line":106,"column":20},"end":{"line":106,"column":36}}],"line":106},"18":{"loc":{"start":{"line":118,"column":2},"end":{"line":118,"column":null}},"type":"if","locations":[{"start":{"line":118,"column":2},"end":{"line":118,"column":null}},{"start":{},"end":{}}],"line":118},"19":{"loc":{"start":{"line":118,"column":6},"end":{"line":118,"column":40}},"type":"binary-expr","locations":[{"start":{"line":118,"column":6},"end":{"line":118,"column":18}},{"start":{"line":118,"column":18},"end":{"line":118,"column":40}}],"line":118},"20":{"loc":{"start":{"line":122,"column":9},"end":{"line":122,"column":null}},"type":"binary-expr","locations":[{"start":{"line":122,"column":9},"end":{"line":122,"column":23}},{"start":{"line":122,"column":23},"end":{"line":122,"column":null}}],"line":122},"21":{"loc":{"start":{"line":147,"column":9},"end":{"line":147,"column":null}},"type":"binary-expr","locations":[{"start":{"line":147,"column":9},"end":{"line":147,"column":57}},{"start":{"line":147,"column":57},"end":{"line":147,"column":null}}],"line":147}},"s":{"0":13,"1":4,"2":9,"3":9,"4":9,"5":9,"6":9,"7":3,"8":6,"9":20,"10":1,"11":19,"12":19,"13":17,"14":19,"15":16,"16":16,"17":19,"18":2,"19":19,"20":6,"21":9,"22":9,"23":9,"24":3,"25":3,"26":1,"27":2,"28":5,"29":7,"30":7,"31":1,"32":6,"33":2,"34":4,"35":4,"36":2,"37":2,"38":4,"39":2,"40":2,"41":1,"42":17},"f":{"0":13,"1":20,"2":6,"3":9,"4":3,"5":5,"6":7,"7":7,"8":4,"9":4,"10":17},"b":{"0":[4,9],"1":[13,10],"2":[3,6],"3":[1,19],"4":[17,2],"5":[16,3],"6":[16,1],"7":[2,17],"8":[9,8],"9":[9,6],"10":[1,5],"11":[1,2],"12":[2,1],"13":[7,6],"14":[1,6],"15":[7,6],"16":[2,4],"17":[6,3],"18":[2,2],"19":[4,3],"20":[2,1],"21":[17,2]},"meta":{"lastBranch":22,"lastFunction":11,"lastStatement":43,"seen":{"f:6:16:6:31":0,"b:7:2:7:Infinity:undefined:undefined:undefined:undefined":0,"s:7:2:7:Infinity":0,"b:7:6:7:13:7:13:7:35":1,"s:7:35:7:Infinity":1,"s:9:23:9:Infinity":2,"s:10:16:10:Infinity":3,"s:11:18:11:Infinity":4,"s:12:18:12:Infinity":5,"b:14:2:16:Infinity:undefined:undefined:undefined:undefined":2,"s:14:2:16:Infinity":6,"s:15:4:15:Infinity":7,"s:18:2:18:Infinity":8,"f:24:16:24:34":1,"b:25:2:25:Infinity:undefined:undefined:undefined:undefined":3,"s:25:2:25:Infinity":9,"s:25:13:25:Infinity":10,"s:27:26:27:Infinity":11,"b:29:2:31:Infinity:undefined:undefined:undefined:undefined":4,"s:29:2:31:Infinity":12,"s:30:4:30:Infinity":13,"b:33:2:49:Infinity:undefined:undefined:undefined:undefined":5,"s:33:2:49:Infinity":14,"s:34:23:47:Infinity":15,"s:48:4:48:Infinity":16,"b:48:18:48:48:48:48:48:50":6,"b:51:2:53:Infinity:undefined:undefined:undefined:undefined":7,"s:51:2:53:Infinity":17,"s:52:4:52:Infinity":18,"s:55:2:55:Infinity":19,"f:61:16:61:Infinity":2,"s:64:2:70:Infinity":20,"f:65:9:65:10":3,"s:66:19:66:Infinity":21,"b:66:19:66:42:66:42:66:Infinity":8,"s:67:25:67:Infinity":22,"b:67:25:67:47:67:47:67:Infinity":9,"b:67:76:67:83:67:83:67:Infinity":10,"s:68:6:68:Infinity":23,"f:76:16:76:Infinity":4,"s:79:16:79:Infinity":24,"b:80:2:80:Infinity:undefined:undefined:undefined:undefined":11,"s:80:2:80:Infinity":25,"s:80:14:80:Infinity":26,"s:81:2:81:Infinity":27,"b:81:9:81:31:81:31:81:Infinity":12,"f:88:16:88:Infinity":5,"s:91:2:93:Infinity":28,"f:92:9:92:10":6,"s:92:21:92:55":29,"b:92:21:92:44:92:44:92:55":13,"f:99:16:99:Infinity":7,"b:103:2:105:Infinity:undefined:undefined:undefined:undefined":14,"s:103:2:105:Infinity":30,"b:103:6:103:32:103:32:103:51":15,"s:104:4:104:Infinity":31,"b:106:2:108:Infinity:undefined:undefined:undefined:undefined":16,"s:106:2:108:Infinity":32,"b:106:6:106:20:106:20:106:36":17,"s:107:4:107:Infinity":33,"s:109:2:109:Infinity":34,"f:115:16:115:Infinity":8,"b:118:2:118:Infinity:undefined:undefined:undefined:undefined":18,"s:118:2:118:Infinity":35,"b:118:6:118:18:118:18:118:40":19,"s:118:40:118:Infinity":36,"s:120:16:120:Infinity":37,"f:120:29:120:30":9,"s:120:36:120:54":38,"s:121:23:121:Infinity":39,"s:122:2:122:Infinity":40,"b:122:9:122:23:122:23:122:Infinity":20,"s:128:53:141:Infinity":41,"f:146:16:146:35":10,"s:147:2:147:Infinity":42,"b:147:9:147:57:147:57:147:Infinity":21}}}
}
