{"total": {"lines":{"total":50,"covered":50,"skipped":0,"pct":100},"statements":{"total":57,"covered":57,"skipped":0,"pct":100},"functions":{"total":13,"covered":13,"skipped":0,"pct":100},"branches":{"total":54,"covered":54,"skipped":0,"pct":100},"branchesTrue":{"total":0,"covered":0,"skipped":0,"pct":100}}
,"/workspace/packages/scilent-ui/src/icons/types.ts": {"lines":{"total":12,"covered":12,"skipped":0,"pct":100},"functions":{"total":2,"covered":2,"skipped":0,"pct":100},"statements":{"total":14,"covered":14,"skipped":0,"pct":100},"branches":{"total":10,"covered":10,"skipped":0,"pct":100}}
,"/workspace/packages/scilent-ui/src/utils/format.ts": {"lines":{"total":38,"covered":38,"skipped":0,"pct":100},"functions":{"total":11,"covered":11,"skipped":0,"pct":100},"statements":{"total":43,"covered":43,"skipped":0,"pct":100},"branches":{"total":44,"covered":44,"skipped":0,"pct":100}}
}
