{"total": {"lines":{"total":67,"covered":38,"skipped":0,"pct":56.71},"statements":{"total":74,"covered":43,"skipped":0,"pct":58.1},"functions":{"total":15,"covered":11,"skipped":0,"pct":73.33},"branches":{"total":53,"covered":44,"skipped":0,"pct":83.01},"branchesTrue":{"total":0,"covered":0,"skipped":0,"pct":100}}
,"/Users/donovanallen/Desktop/src/scilent-x/packages/harmony-ui/src/__stories__/mock-data.ts": {"lines":{"total":17,"covered":0,"skipped":0,"pct":0},"functions":{"total":2,"covered":0,"skipped":0,"pct":0},"statements":{"total":17,"covered":0,"skipped":0,"pct":0},"branches":{"total":0,"covered":0,"skipped":0,"pct":100}}
,"/Users/donovanallen/Desktop/src/scilent-x/packages/harmony-ui/src/icons/types.ts": {"lines":{"total":12,"covered":0,"skipped":0,"pct":0},"functions":{"total":2,"covered":0,"skipped":0,"pct":0},"statements":{"total":14,"covered":0,"skipped":0,"pct":0},"branches":{"total":9,"covered":0,"skipped":0,"pct":0}}
,"/Users/donovanallen/Desktop/src/scilent-x/packages/harmony-ui/src/interactions/types.ts": {"lines":{"total":0,"covered":0,"skipped":0,"pct":100},"functions":{"total":0,"covered":0,"skipped":0,"pct":100},"statements":{"total":0,"covered":0,"skipped":0,"pct":100},"branches":{"total":0,"covered":0,"skipped":0,"pct":100}}
,"/Users/donovanallen/Desktop/src/scilent-x/packages/harmony-ui/src/utils/format.ts": {"lines":{"total":38,"covered":38,"skipped":0,"pct":100},"functions":{"total":11,"covered":11,"skipped":0,"pct":100},"statements":{"total":43,"covered":43,"skipped":0,"pct":100},"branches":{"total":44,"covered":44,"skipped":0,"pct":100}}
}
