{"total": {"lines":{"total":85,"covered":1,"skipped":0,"pct":1.17},"statements":{"total":90,"covered":1,"skipped":0,"pct":1.11},"functions":{"total":17,"covered":1,"skipped":0,"pct":5.88},"branches":{"total":47,"covered":0,"skipped":0,"pct":0},"branchesTrue":{"total":0,"covered":0,"skipped":0,"pct":100}}
,"/Users/donovanallen/Desktop/src/scilent-x/packages/ui/src/utils.ts": {"lines":{"total":1,"covered":1,"skipped":0,"pct":100},"functions":{"total":1,"covered":1,"skipped":0,"pct":100},"statements":{"total":1,"covered":1,"skipped":0,"pct":100},"branches":{"total":0,"covered":0,"skipped":0,"pct":100}}
,"/Users/donovanallen/Desktop/src/scilent-x/packages/ui/src/hooks/use-edit-post.ts": {"lines":{"total":22,"covered":0,"skipped":0,"pct":0},"functions":{"total":6,"covered":0,"skipped":0,"pct":0},"statements":{"total":23,"covered":0,"skipped":0,"pct":0},"branches":{"total":6,"covered":0,"skipped":0,"pct":0}}
,"/Users/donovanallen/Desktop/src/scilent-x/packages/ui/src/hooks/use-infinite-scroll.ts": {"lines":{"total":12,"covered":0,"skipped":0,"pct":0},"functions":{"total":4,"covered":0,"skipped":0,"pct":0},"statements":{"total":13,"covered":0,"skipped":0,"pct":0},"branches":{"total":9,"covered":0,"skipped":0,"pct":0}}
,"/Users/donovanallen/Desktop/src/scilent-x/packages/ui/src/hooks/use-optimistic-action.ts": {"lines":{"total":50,"covered":0,"skipped":0,"pct":0},"functions":{"total":6,"covered":0,"skipped":0,"pct":0},"statements":{"total":53,"covered":0,"skipped":0,"pct":0},"branches":{"total":32,"covered":0,"skipped":0,"pct":0}}
}
