{"/Users/donovanallen/Desktop/src/scilent-x/packages/ui/src/utils.ts": {"path":"/Users/donovanallen/Desktop/src/scilent-x/packages/ui/src/utils.ts","statementMap":{"0":{"start":{"line":8,"column":2},"end":{"line":8,"column":null}}},"fnMap":{"0":{"name":"cn","decl":{"start":{"line":7,"column":16},"end":{"line":7,"column":22}},"loc":{"start":{"line":7,"column":52},"end":{"line":9,"column":null}},"line":7}},"branchMap":{},"s":{"0":25},"f":{"0":25},"b":{},"meta":{"lastBranch":0,"lastFunction":1,"lastStatement":1,"seen":{"f:7:16:7:22":0,"s:8:2:8:Infinity":0}}}
,"/Users/donovanallen/Desktop/src/scilent-x/packages/ui/src/hooks/use-edit-post.ts": {"path":"/Users/donovanallen/Desktop/src/scilent-x/packages/ui/src/hooks/use-edit-post.ts","statementMap":{"0":{"start":{"line":62,"column":44},"end":{"line":62,"column":null}},"1":{"start":{"line":63,"column":42},"end":{"line":63,"column":null}},"2":{"start":{"line":66,"column":27},"end":{"line":66,"column":null}},"3":{"start":{"line":68,"column":23},"end":{"line":70,"column":null}},"4":{"start":{"line":69,"column":4},"end":{"line":69,"column":null}},"5":{"start":{"line":72,"column":24},"end":{"line":74,"column":null}},"6":{"start":{"line":73,"column":4},"end":{"line":73,"column":null}},"7":{"start":{"line":76,"column":19},"end":{"line":105,"column":null}},"8":{"start":{"line":78,"column":6},"end":{"line":78,"column":null}},"9":{"start":{"line":78,"column":24},"end":{"line":78,"column":null}},"10":{"start":{"line":80,"column":6},"end":{"line":80,"column":null}},"11":{"start":{"line":83,"column":6},"end":{"line":83,"column":null}},"12":{"start":{"line":86,"column":6},"end":{"line":90,"column":null}},"13":{"start":{"line":87,"column":8},"end":{"line":89,"column":null}},"14":{"start":{"line":88,"column":10},"end":{"line":88,"column":null}},"15":{"start":{"line":92,"column":6},"end":{"line":102,"column":null}},"16":{"start":{"line":93,"column":8},"end":{"line":93,"column":null}},"17":{"start":{"line":94,"column":8},"end":{"line":94,"column":null}},"18":{"start":{"line":95,"column":8},"end":{"line":95,"column":null}},"19":{"start":{"line":98,"column":8},"end":{"line":98,"column":null}},"20":{"start":{"line":99,"column":8},"end":{"line":99,"column":null}},"21":{"start":{"line":101,"column":8},"end":{"line":101,"column":null}},"22":{"start":{"line":107,"column":2},"end":{"line":113,"column":null}}},"fnMap":{"0":{"name":"useEditPost","decl":{"start":{"line":55,"column":16},"end":{"line":55,"column":100}},"loc":{"start":{"line":61,"column":45},"end":{"line":114,"column":null}},"line":61},"1":{"name":"(anonymous_1)","decl":{"start":{"line":68,"column":41},"end":{"line":68,"column":42}},"loc":{"start":{"line":68,"column":61},"end":{"line":70,"column":5}},"line":68},"2":{"name":"(anonymous_2)","decl":{"start":{"line":72,"column":42},"end":{"line":72,"column":48}},"loc":{"start":{"line":72,"column":48},"end":{"line":74,"column":5}},"line":72},"3":{"name":"(anonymous_3)","decl":{"start":{"line":77,"column":4},"end":{"line":77,"column":11}},"loc":{"start":{"line":77,"column":68},"end":{"line":103,"column":null}},"line":77},"4":{"name":"(anonymous_4)","decl":{"start":{"line":86,"column":15},"end":{"line":86,"column":16}},"loc":{"start":{"line":87,"column":8},"end":{"line":89,"column":null}},"line":87},"5":{"name":"(anonymous_5)","decl":{"start":{"line":87,"column":17},"end":{"line":87,"column":18}},"loc":{"start":{"line":88,"column":10},"end":{"line":88,"column":null}},"line":88}},"branchMap":{"0":{"loc":{"start":{"line":78,"column":6},"end":{"line":78,"column":null}},"type":"if","locations":[{"start":{"line":78,"column":6},"end":{"line":78,"column":null}},{"start":{},"end":{}}],"line":78},"1":{"loc":{"start":{"line":88,"column":10},"end":{"line":88,"column":null}},"type":"cond-expr","locations":[{"start":{"line":88,"column":31},"end":{"line":88,"column":67}},{"start":{"line":88,"column":67},"end":{"line":88,"column":null}}],"line":88},"2":{"loc":{"start":{"line":99,"column":18},"end":{"line":99,"column":75}},"type":"cond-expr","locations":[{"start":{"line":99,"column":43},"end":{"line":99,"column":51}},{"start":{"line":99,"column":51},"end":{"line":99,"column":75}}],"line":99}},"s":{"0":0,"1":0,"2":0,"3":0,"4":0,"5":0,"6":0,"7":0,"8":0,"9":0,"10":0,"11":0,"12":0,"13":0,"14":0,"15":0,"16":0,"17":0,"18":0,"19":0,"20":0,"21":0,"22":0},"f":{"0":0,"1":0,"2":0,"3":0,"4":0,"5":0},"b":{"0":[0,0],"1":[0,0],"2":[0,0]},"meta":{"lastBranch":3,"lastFunction":6,"lastStatement":23,"seen":{"f:55:16:55:100":0,"s:62:44:62:Infinity":0,"s:63:42:63:Infinity":1,"s:66:27:66:Infinity":2,"s:68:23:70:Infinity":3,"f:68:41:68:42":1,"s:69:4:69:Infinity":4,"s:72:24:74:Infinity":5,"f:72:42:72:48":2,"s:73:4:73:Infinity":6,"s:76:19:105:Infinity":7,"f:77:4:77:11":3,"b:78:6:78:Infinity:undefined:undefined:undefined:undefined":0,"s:78:6:78:Infinity":8,"s:78:24:78:Infinity":9,"s:80:6:80:Infinity":10,"s:83:6:83:Infinity":11,"s:86:6:90:Infinity":12,"f:86:15:86:16":4,"s:87:8:89:Infinity":13,"f:87:17:87:18":5,"s:88:10:88:Infinity":14,"b:88:31:88:67:88:67:88:Infinity":1,"s:92:6:102:Infinity":15,"s:93:8:93:Infinity":16,"s:94:8:94:Infinity":17,"s:95:8:95:Infinity":18,"s:98:8:98:Infinity":19,"s:99:8:99:Infinity":20,"b:99:43:99:51:99:51:99:75":2,"s:101:8:101:Infinity":21,"s:107:2:113:Infinity":22}}}
,"/Users/donovanallen/Desktop/src/scilent-x/packages/ui/src/hooks/use-infinite-scroll.ts": {"path":"/Users/donovanallen/Desktop/src/scilent-x/packages/ui/src/hooks/use-infinite-scroll.ts","statementMap":{"0":{"start":{"line":44,"column":22},"end":{"line":44,"column":null}},"1":{"start":{"line":46,"column":2},"end":{"line":67,"column":null}},"2":{"start":{"line":47,"column":21},"end":{"line":47,"column":null}},"3":{"start":{"line":48,"column":4},"end":{"line":48,"column":null}},"4":{"start":{"line":48,"column":19},"end":{"line":48,"column":null}},"5":{"start":{"line":50,"column":21},"end":{"line":60,"column":null}},"6":{"start":{"line":52,"column":24},"end":{"line":52,"column":null}},"7":{"start":{"line":53,"column":8},"end":{"line":55,"column":null}},"8":{"start":{"line":54,"column":10},"end":{"line":54,"column":null}},"9":{"start":{"line":62,"column":4},"end":{"line":62,"column":null}},"10":{"start":{"line":64,"column":4},"end":{"line":66,"column":null}},"11":{"start":{"line":65,"column":6},"end":{"line":65,"column":null}},"12":{"start":{"line":69,"column":2},"end":{"line":69,"column":null}}},"fnMap":{"0":{"name":"useInfiniteScroll","decl":{"start":{"line":37,"column":16},"end":{"line":37,"column":34}},"loc":{"start":{"line":43,"column":54},"end":{"line":70,"column":null}},"line":43},"1":{"name":"(anonymous_1)","decl":{"start":{"line":46,"column":18},"end":{"line":46,"column":24}},"loc":{"start":{"line":46,"column":24},"end":{"line":67,"column":5}},"line":46},"2":{"name":"(anonymous_2)","decl":{"start":{"line":51,"column":6},"end":{"line":51,"column":7}},"loc":{"start":{"line":51,"column":19},"end":{"line":56,"column":null}},"line":51},"3":{"name":"(anonymous_3)","decl":{"start":{"line":64,"column":11},"end":{"line":64,"column":17}},"loc":{"start":{"line":64,"column":17},"end":{"line":66,"column":null}},"line":64}},"branchMap":{"0":{"loc":{"start":{"line":41,"column":2},"end":{"line":41,"column":null}},"type":"default-arg","locations":[{"start":{"line":41,"column":14},"end":{"line":41,"column":null}}],"line":41},"1":{"loc":{"start":{"line":42,"column":2},"end":{"line":42,"column":null}},"type":"default-arg","locations":[{"start":{"line":42,"column":15},"end":{"line":42,"column":null}}],"line":42},"2":{"loc":{"start":{"line":48,"column":4},"end":{"line":48,"column":null}},"type":"if","locations":[{"start":{"line":48,"column":4},"end":{"line":48,"column":null}},{"start":{},"end":{}}],"line":48},"3":{"loc":{"start":{"line":53,"column":8},"end":{"line":55,"column":null}},"type":"if","locations":[{"start":{"line":53,"column":8},"end":{"line":55,"column":null}},{"start":{},"end":{}}],"line":53},"4":{"loc":{"start":{"line":53,"column":12},"end":{"line":53,"column":60}},"type":"binary-expr","locations":[{"start":{"line":53,"column":12},"end":{"line":53,"column":37}},{"start":{"line":53,"column":37},"end":{"line":53,"column":48}},{"start":{"line":53,"column":48},"end":{"line":53,"column":60}}],"line":53}},"s":{"0":0,"1":0,"2":0,"3":0,"4":0,"5":0,"6":0,"7":0,"8":0,"9":0,"10":0,"11":0,"12":0},"f":{"0":0,"1":0,"2":0,"3":0},"b":{"0":[0],"1":[0],"2":[0,0],"3":[0,0],"4":[0,0,0]},"meta":{"lastBranch":5,"lastFunction":4,"lastStatement":13,"seen":{"f:37:16:37:34":0,"b:41:14:41:Infinity":0,"b:42:15:42:Infinity":1,"s:44:22:44:Infinity":0,"s:46:2:67:Infinity":1,"f:46:18:46:24":1,"s:47:21:47:Infinity":2,"b:48:4:48:Infinity:undefined:undefined:undefined:undefined":2,"s:48:4:48:Infinity":3,"s:48:19:48:Infinity":4,"s:50:21:60:Infinity":5,"f:51:6:51:7":2,"s:52:24:52:Infinity":6,"b:53:8:55:Infinity:undefined:undefined:undefined:undefined":3,"s:53:8:55:Infinity":7,"b:53:12:53:37:53:37:53:48:53:48:53:60":4,"s:54:10:54:Infinity":8,"s:62:4:62:Infinity":9,"s:64:4:66:Infinity":10,"f:64:11:64:17":3,"s:65:6:65:Infinity":11,"s:69:2:69:Infinity":12}}}
,"/Users/donovanallen/Desktop/src/scilent-x/packages/ui/src/hooks/use-optimistic-action.ts": {"path":"/Users/donovanallen/Desktop/src/scilent-x/packages/ui/src/hooks/use-optimistic-action.ts","statementMap":{"0":{"start":{"line":50,"column":36},"end":{"line":50,"column":null}},"1":{"start":{"line":51,"column":38},"end":{"line":51,"column":null}},"2":{"start":{"line":53,"column":18},"end":{"line":69,"column":null}},"3":{"start":{"line":54,"column":4},"end":{"line":54,"column":null}},"4":{"start":{"line":54,"column":19},"end":{"line":54,"column":null}},"5":{"start":{"line":56,"column":4},"end":{"line":56,"column":null}},"6":{"start":{"line":57,"column":4},"end":{"line":57,"column":null}},"7":{"start":{"line":59,"column":4},"end":{"line":68,"column":null}},"8":{"start":{"line":60,"column":6},"end":{"line":60,"column":null}},"9":{"start":{"line":61,"column":6},"end":{"line":61,"column":null}},"10":{"start":{"line":63,"column":6},"end":{"line":63,"column":null}},"11":{"start":{"line":64,"column":6},"end":{"line":64,"column":null}},"12":{"start":{"line":66,"column":6},"end":{"line":66,"column":null}},"13":{"start":{"line":67,"column":6},"end":{"line":67,"column":null}},"14":{"start":{"line":71,"column":2},"end":{"line":75,"column":null}},"15":{"start":{"line":101,"column":36},"end":{"line":101,"column":null}},"16":{"start":{"line":102,"column":48},"end":{"line":102,"column":null}},"17":{"start":{"line":103,"column":48},"end":{"line":103,"column":null}},"18":{"start":{"line":105,"column":17},"end":{"line":129,"column":null}},"19":{"start":{"line":106,"column":4},"end":{"line":106,"column":null}},"20":{"start":{"line":106,"column":19},"end":{"line":106,"column":null}},"21":{"start":{"line":108,"column":21},"end":{"line":108,"column":null}},"22":{"start":{"line":110,"column":4},"end":{"line":110,"column":null}},"23":{"start":{"line":111,"column":4},"end":{"line":111,"column":null}},"24":{"start":{"line":112,"column":4},"end":{"line":112,"column":null}},"25":{"start":{"line":114,"column":4},"end":{"line":128,"column":null}},"26":{"start":{"line":115,"column":6},"end":{"line":119,"column":null}},"27":{"start":{"line":116,"column":8},"end":{"line":116,"column":null}},"28":{"start":{"line":118,"column":8},"end":{"line":118,"column":null}},"29":{"start":{"line":121,"column":6},"end":{"line":121,"column":null}},"30":{"start":{"line":122,"column":6},"end":{"line":122,"column":null}},"31":{"start":{"line":123,"column":6},"end":{"line":123,"column":null}},"32":{"start":{"line":125,"column":6},"end":{"line":125,"column":null}},"33":{"start":{"line":126,"column":6},"end":{"line":126,"column":null}},"34":{"start":{"line":127,"column":6},"end":{"line":127,"column":null}},"35":{"start":{"line":131,"column":2},"end":{"line":136,"column":null}},"36":{"start":{"line":159,"column":36},"end":{"line":159,"column":null}},"37":{"start":{"line":160,"column":56},"end":{"line":160,"column":null}},"38":{"start":{"line":162,"column":17},"end":{"line":183,"column":null}},"39":{"start":{"line":163,"column":4},"end":{"line":163,"column":null}},"40":{"start":{"line":163,"column":19},"end":{"line":163,"column":null}},"41":{"start":{"line":165,"column":23},"end":{"line":165,"column":null}},"42":{"start":{"line":167,"column":4},"end":{"line":167,"column":null}},"43":{"start":{"line":168,"column":4},"end":{"line":168,"column":null}},"44":{"start":{"line":170,"column":4},"end":{"line":182,"column":null}},"45":{"start":{"line":171,"column":6},"end":{"line":175,"column":null}},"46":{"start":{"line":172,"column":8},"end":{"line":172,"column":null}},"47":{"start":{"line":174,"column":8},"end":{"line":174,"column":null}},"48":{"start":{"line":177,"column":6},"end":{"line":177,"column":null}},"49":{"start":{"line":178,"column":6},"end":{"line":178,"column":null}},"50":{"start":{"line":180,"column":6},"end":{"line":180,"column":null}},"51":{"start":{"line":181,"column":6},"end":{"line":181,"column":null}},"52":{"start":{"line":185,"column":2},"end":{"line":189,"column":null}}},"fnMap":{"0":{"name":"useOptimisticAction","decl":{"start":{"line":43,"column":16},"end":{"line":43,"column":39}},"loc":{"start":{"line":49,"column":64},"end":{"line":76,"column":null}},"line":49},"1":{"name":"(anonymous_1)","decl":{"start":{"line":53,"column":36},"end":{"line":53,"column":48}},"loc":{"start":{"line":53,"column":48},"end":{"line":69,"column":5}},"line":53},"2":{"name":"useLike","decl":{"start":{"line":94,"column":16},"end":{"line":94,"column":24}},"loc":{"start":{"line":100,"column":34},"end":{"line":137,"column":null}},"line":100},"3":{"name":"(anonymous_3)","decl":{"start":{"line":105,"column":35},"end":{"line":105,"column":47}},"loc":{"start":{"line":105,"column":47},"end":{"line":129,"column":5}},"line":105},"4":{"name":"useFollow","decl":{"start":{"line":153,"column":16},"end":{"line":153,"column":26}},"loc":{"start":{"line":158,"column":38},"end":{"line":190,"column":null}},"line":158},"5":{"name":"(anonymous_5)","decl":{"start":{"line":162,"column":35},"end":{"line":162,"column":47}},"loc":{"start":{"line":162,"column":47},"end":{"line":183,"column":5}},"line":162}},"branchMap":{"0":{"loc":{"start":{"line":54,"column":4},"end":{"line":54,"column":null}},"type":"if","locations":[{"start":{"line":54,"column":4},"end":{"line":54,"column":null}},{"start":{},"end":{}}],"line":54},"1":{"loc":{"start":{"line":64,"column":16},"end":{"line":64,"column":73}},"type":"cond-expr","locations":[{"start":{"line":64,"column":41},"end":{"line":64,"column":49}},{"start":{"line":64,"column":49},"end":{"line":64,"column":73}}],"line":64},"2":{"loc":{"start":{"line":72,"column":11},"end":{"line":72,"column":null}},"type":"binary-expr","locations":[{"start":{"line":72,"column":11},"end":{"line":72,"column":25}},{"start":{"line":72,"column":25},"end":{"line":72,"column":null}}],"line":72},"3":{"loc":{"start":{"line":106,"column":4},"end":{"line":106,"column":null}},"type":"if","locations":[{"start":{"line":106,"column":4},"end":{"line":106,"column":null}},{"start":{},"end":{}}],"line":106},"4":{"loc":{"start":{"line":108,"column":23},"end":{"line":108,"column":null}},"type":"binary-expr","locations":[{"start":{"line":108,"column":23},"end":{"line":108,"column":42}},{"start":{"line":108,"column":42},"end":{"line":108,"column":null}}],"line":108},"5":{"loc":{"start":{"line":112,"column":24},"end":{"line":112,"column":58}},"type":"binary-expr","locations":[{"start":{"line":112,"column":24},"end":{"line":112,"column":43}},{"start":{"line":112,"column":43},"end":{"line":112,"column":58}}],"line":112},"6":{"loc":{"start":{"line":112,"column":58},"end":{"line":112,"column":76}},"type":"cond-expr","locations":[{"start":{"line":112,"column":69},"end":{"line":112,"column":73}},{"start":{"line":112,"column":73},"end":{"line":112,"column":76}}],"line":112},"7":{"loc":{"start":{"line":115,"column":6},"end":{"line":119,"column":null}},"type":"if","locations":[{"start":{"line":115,"column":6},"end":{"line":119,"column":null}},{"start":{"line":117,"column":13},"end":{"line":119,"column":null}}],"line":115},"8":{"loc":{"start":{"line":123,"column":16},"end":{"line":123,"column":73}},"type":"cond-expr","locations":[{"start":{"line":123,"column":41},"end":{"line":123,"column":49}},{"start":{"line":123,"column":49},"end":{"line":123,"column":73}}],"line":123},"9":{"loc":{"start":{"line":132,"column":13},"end":{"line":132,"column":null}},"type":"binary-expr","locations":[{"start":{"line":132,"column":13},"end":{"line":132,"column":32}},{"start":{"line":132,"column":32},"end":{"line":132,"column":null}}],"line":132},"10":{"loc":{"start":{"line":133,"column":16},"end":{"line":133,"column":null}},"type":"binary-expr","locations":[{"start":{"line":133,"column":16},"end":{"line":133,"column":35}},{"start":{"line":133,"column":35},"end":{"line":133,"column":null}}],"line":133},"11":{"loc":{"start":{"line":163,"column":4},"end":{"line":163,"column":null}},"type":"if","locations":[{"start":{"line":163,"column":4},"end":{"line":163,"column":null}},{"start":{},"end":{}}],"line":163},"12":{"loc":{"start":{"line":165,"column":25},"end":{"line":165,"column":null}},"type":"binary-expr","locations":[{"start":{"line":165,"column":25},"end":{"line":165,"column":48}},{"start":{"line":165,"column":48},"end":{"line":165,"column":null}}],"line":165},"13":{"loc":{"start":{"line":171,"column":6},"end":{"line":175,"column":null}},"type":"if","locations":[{"start":{"line":171,"column":6},"end":{"line":175,"column":null}},{"start":{"line":173,"column":13},"end":{"line":175,"column":null}}],"line":171},"14":{"loc":{"start":{"line":178,"column":16},"end":{"line":178,"column":73}},"type":"cond-expr","locations":[{"start":{"line":178,"column":41},"end":{"line":178,"column":49}},{"start":{"line":178,"column":49},"end":{"line":178,"column":73}}],"line":178},"15":{"loc":{"start":{"line":186,"column":17},"end":{"line":186,"column":null}},"type":"binary-expr","locations":[{"start":{"line":186,"column":17},"end":{"line":186,"column":40}},{"start":{"line":186,"column":40},"end":{"line":186,"column":null}}],"line":186}},"s":{"0":0,"1":0,"2":0,"3":0,"4":0,"5":0,"6":0,"7":0,"8":0,"9":0,"10":0,"11":0,"12":0,"13":0,"14":0,"15":0,"16":0,"17":0,"18":0,"19":0,"20":0,"21":0,"22":0,"23":0,"24":0,"25":0,"26":0,"27":0,"28":0,"29":0,"30":0,"31":0,"32":0,"33":0,"34":0,"35":0,"36":0,"37":0,"38":0,"39":0,"40":0,"41":0,"42":0,"43":0,"44":0,"45":0,"46":0,"47":0,"48":0,"49":0,"50":0,"51":0,"52":0},"f":{"0":0,"1":0,"2":0,"3":0,"4":0,"5":0},"b":{"0":[0,0],"1":[0,0],"2":[0,0],"3":[0,0],"4":[0,0],"5":[0,0],"6":[0,0],"7":[0,0],"8":[0,0],"9":[0,0],"10":[0,0],"11":[0,0],"12":[0,0],"13":[0,0],"14":[0,0],"15":[0,0]},"meta":{"lastBranch":16,"lastFunction":6,"lastStatement":53,"seen":{"f:43:16:43:39":0,"s:50:36:50:Infinity":0,"s:51:38:51:Infinity":1,"s:53:18:69:Infinity":2,"f:53:36:53:48":1,"b:54:4:54:Infinity:undefined:undefined:undefined:undefined":0,"s:54:4:54:Infinity":3,"s:54:19:54:Infinity":4,"s:56:4:56:Infinity":5,"s:57:4:57:Infinity":6,"s:59:4:68:Infinity":7,"s:60:6:60:Infinity":8,"s:61:6:61:Infinity":9,"s:63:6:63:Infinity":10,"s:64:6:64:Infinity":11,"b:64:41:64:49:64:49:64:73":1,"s:66:6:66:Infinity":12,"s:67:6:67:Infinity":13,"s:71:2:75:Infinity":14,"b:72:11:72:25:72:25:72:Infinity":2,"f:94:16:94:24":2,"s:101:36:101:Infinity":15,"s:102:48:102:Infinity":16,"s:103:48:103:Infinity":17,"s:105:17:129:Infinity":18,"f:105:35:105:47":3,"b:106:4:106:Infinity:undefined:undefined:undefined:undefined":3,"s:106:4:106:Infinity":19,"s:106:19:106:Infinity":20,"s:108:21:108:Infinity":21,"b:108:23:108:42:108:42:108:Infinity":4,"s:110:4:110:Infinity":22,"s:111:4:111:Infinity":23,"s:112:4:112:Infinity":24,"b:112:24:112:43:112:43:112:58":5,"b:112:69:112:73:112:73:112:76":6,"s:114:4:128:Infinity":25,"b:115:6:119:Infinity:117:13:119:Infinity":7,"s:115:6:119:Infinity":26,"s:116:8:116:Infinity":27,"s:118:8:118:Infinity":28,"s:121:6:121:Infinity":29,"s:122:6:122:Infinity":30,"s:123:6:123:Infinity":31,"b:123:41:123:49:123:49:123:73":8,"s:125:6:125:Infinity":32,"s:126:6:126:Infinity":33,"s:127:6:127:Infinity":34,"s:131:2:136:Infinity":35,"b:132:13:132:32:132:32:132:Infinity":9,"b:133:16:133:35:133:35:133:Infinity":10,"f:153:16:153:26":4,"s:159:36:159:Infinity":36,"s:160:56:160:Infinity":37,"s:162:17:183:Infinity":38,"f:162:35:162:47":5,"b:163:4:163:Infinity:undefined:undefined:undefined:undefined":11,"s:163:4:163:Infinity":39,"s:163:19:163:Infinity":40,"s:165:23:165:Infinity":41,"b:165:25:165:48:165:48:165:Infinity":12,"s:167:4:167:Infinity":42,"s:168:4:168:Infinity":43,"s:170:4:182:Infinity":44,"b:171:6:175:Infinity:173:13:175:Infinity":13,"s:171:6:175:Infinity":45,"s:172:8:172:Infinity":46,"s:174:8:174:Infinity":47,"s:177:6:177:Infinity":48,"s:178:6:178:Infinity":49,"b:178:41:178:49:178:49:178:73":14,"s:180:6:180:Infinity":50,"s:181:6:181:Infinity":51,"s:185:2:189:Infinity":52,"b:186:17:186:40:186:40:186:Infinity":15}}}
}
